2025-08-20 23:33:20,753 - DEBUG - Starting new HTTP connection (1): localhost:5000
2025-08-20 23:33:23,237 - DEBUG - http://localhost:5000 "POST /api/matchmaking/join HTTP/1.1" 200 165
2025-08-20 23:33:23,239 - DEBUG - Starting new HTTP connection (1): localhost:5000
2025-08-20 23:33:23,240 - DEBUG - Starting new HTTP connection (1): localhost:5000
2025-08-20 23:33:25,266 - DEBUG - http://localhost:5000 "GET /api/matchmaking/status HTTP/1.1" 200 115
2025-08-20 23:33:25,282 - DEBUG - http://localhost:5000 "POST /api/matchmaking/poll HTTP/1.1" 200 551
2025-08-20 23:33:25,287 - DEBUG - Starting new HTTP connection (1): localhost:5000
2025-08-20 23:33:26,269 - DEBUG - Starting new HTTP connection (1): localhost:5000
2025-08-20 23:33:27,340 - DEBUG - http://localhost:5000 "POST /api/game/initialize HTTP/1.1" 200 42
2025-08-20 23:33:27,420 - DEBUG - [DEBUG] Vérification unités ennemies: opponent=None, units=None
2025-08-20 23:33:27,421 - DEBUG - [DEBUG] Vérification unités joueur: player=None, units=None
2025-08-20 23:33:27,470 - DEBUG - [DEBUG] Vérification unités ennemies: opponent=None, units=None
2025-08-20 23:33:27,470 - DEBUG - [DEBUG] Vérification unités joueur: player=None, units=None
2025-08-20 23:33:27,542 - DEBUG - [DEBUG] Vérification unités ennemies: opponent=None, units=None
2025-08-20 23:33:27,543 - DEBUG - [DEBUG] Vérification unités joueur: player=None, units=None
2025-08-20 23:33:27,590 - DEBUG - [DEBUG] Vérification unités ennemies: opponent=None, units=None
2025-08-20 23:33:27,591 - DEBUG - [DEBUG] Vérification unités joueur: player=None, units=None
2025-08-20 23:33:27,644 - DEBUG - [DEBUG] Vérification unités ennemies: opponent=None, units=None
2025-08-20 23:33:27,644 - DEBUG - [DEBUG] Vérification unités joueur: player=None, units=None
2025-08-20 23:33:27,702 - DEBUG - [DEBUG] Vérification unités ennemies: opponent=None, units=None
2025-08-20 23:33:27,702 - DEBUG - [DEBUG] Vérification unités joueur: player=None, units=None
2025-08-20 23:33:27,754 - DEBUG - [DEBUG] Vérification unités ennemies: opponent=None, units=None
2025-08-20 23:33:27,754 - DEBUG - [DEBUG] Vérification unités joueur: player=None, units=None
2025-08-20 23:33:27,803 - DEBUG - [DEBUG] Vérification unités ennemies: opponent=None, units=None
2025-08-20 23:33:27,803 - DEBUG - [DEBUG] Vérification unités joueur: player=None, units=None
2025-08-20 23:33:27,853 - DEBUG - [DEBUG] Vérification unités ennemies: opponent=None, units=None
2025-08-20 23:33:27,853 - DEBUG - [DEBUG] Vérification unités joueur: player=None, units=None
2025-08-20 23:33:27,908 - DEBUG - [DEBUG] Vérification unités ennemies: opponent=None, units=None
2025-08-20 23:33:27,908 - DEBUG - [DEBUG] Vérification unités joueur: player=None, units=None
2025-08-20 23:33:27,970 - DEBUG - [DEBUG] Vérification unités ennemies: opponent=None, units=None
2025-08-20 23:33:27,970 - DEBUG - [DEBUG] Vérification unités joueur: player=None, units=None
2025-08-20 23:33:28,018 - DEBUG - [DEBUG] Vérification unités ennemies: opponent=None, units=None
2025-08-20 23:33:28,019 - DEBUG - [DEBUG] Vérification unités joueur: player=None, units=None
2025-08-20 23:33:28,075 - DEBUG - [DEBUG] Vérification unités ennemies: opponent=None, units=None
2025-08-20 23:33:28,075 - DEBUG - [DEBUG] Vérification unités joueur: player=None, units=None
2025-08-20 23:33:28,134 - DEBUG - [DEBUG] Vérification unités ennemies: opponent=None, units=None
2025-08-20 23:33:28,135 - DEBUG - [DEBUG] Vérification unités joueur: player=None, units=None
2025-08-20 23:33:28,186 - DEBUG - [DEBUG] Vérification unités ennemies: opponent=None, units=None
2025-08-20 23:33:28,186 - DEBUG - [DEBUG] Vérification unités joueur: player=None, units=None
2025-08-20 23:33:28,238 - DEBUG - [DEBUG] Vérification unités ennemies: opponent=None, units=None
2025-08-20 23:33:28,238 - DEBUG - [DEBUG] Vérification unités joueur: player=None, units=None
2025-08-20 23:33:28,292 - DEBUG - [DEBUG] Vérification unités ennemies: opponent=None, units=None
2025-08-20 23:33:28,293 - DEBUG - [DEBUG] Vérification unités joueur: player=None, units=None
2025-08-20 23:33:28,308 - DEBUG - http://localhost:5000 "GET /api/matchmaking/status HTTP/1.1" 200 115
2025-08-20 23:33:28,345 - DEBUG - [DEBUG] Vérification unités ennemies: opponent=None, units=None
2025-08-20 23:33:28,346 - DEBUG - [DEBUG] Vérification unités joueur: player=None, units=None
2025-08-20 23:33:28,401 - DEBUG - [DEBUG] Vérification unités ennemies: opponent=None, units=None
2025-08-20 23:33:28,402 - DEBUG - [DEBUG] Vérification unités joueur: player=None, units=None
2025-08-20 23:33:28,452 - DEBUG - [DEBUG] Vérification unités ennemies: opponent=None, units=None
2025-08-20 23:33:28,453 - DEBUG - [DEBUG] Vérification unités joueur: player=None, units=None
2025-08-20 23:33:28,512 - DEBUG - [DEBUG] Vérification unités ennemies: opponent=None, units=None
2025-08-20 23:33:28,513 - DEBUG - [DEBUG] Vérification unités joueur: player=None, units=None
2025-08-20 23:33:28,562 - DEBUG - [DEBUG] Vérification unités ennemies: opponent=None, units=None
2025-08-20 23:33:28,563 - DEBUG - [DEBUG] Vérification unités joueur: player=None, units=None
2025-08-20 23:33:28,624 - DEBUG - [DEBUG] Vérification unités ennemies: opponent=None, units=None
2025-08-20 23:33:28,625 - DEBUG - [DEBUG] Vérification unités joueur: player=None, units=None
2025-08-20 23:33:28,673 - DEBUG - [DEBUG] Vérification unités ennemies: opponent=None, units=None
2025-08-20 23:33:28,673 - DEBUG - [DEBUG] Vérification unités joueur: player=None, units=None
2025-08-20 23:33:28,723 - DEBUG - [DEBUG] Vérification unités ennemies: opponent=None, units=None
2025-08-20 23:33:28,724 - DEBUG - [DEBUG] Vérification unités joueur: player=None, units=None
2025-08-20 23:33:28,774 - DEBUG - [DEBUG] Vérification unités ennemies: opponent=None, units=None
2025-08-20 23:33:28,774 - DEBUG - [DEBUG] Vérification unités joueur: player=None, units=None
2025-08-20 23:33:28,826 - DEBUG - [DEBUG] Vérification unités ennemies: opponent=None, units=None
2025-08-20 23:33:28,826 - DEBUG - [DEBUG] Vérification unités joueur: player=None, units=None
2025-08-20 23:33:28,882 - DEBUG - [DEBUG] Vérification unités ennemies: opponent=None, units=None
2025-08-20 23:33:28,882 - DEBUG - [DEBUG] Vérification unités joueur: player=None, units=None
2025-08-20 23:33:28,942 - DEBUG - [DEBUG] Vérification unités ennemies: opponent=None, units=None
2025-08-20 23:33:28,942 - DEBUG - [DEBUG] Vérification unités joueur: player=None, units=None
2025-08-20 23:33:29,002 - DEBUG - [DEBUG] Vérification unités ennemies: opponent=None, units=None
2025-08-20 23:33:29,002 - DEBUG - [DEBUG] Vérification unités joueur: player=None, units=None
2025-08-20 23:33:29,058 - DEBUG - [DEBUG] Vérification unités ennemies: opponent=None, units=None
2025-08-20 23:33:29,058 - DEBUG - [DEBUG] Vérification unités joueur: player=None, units=None
2025-08-20 23:33:29,109 - DEBUG - [DEBUG] Vérification unités ennemies: opponent=None, units=None
2025-08-20 23:33:29,109 - DEBUG - [DEBUG] Vérification unités joueur: player=None, units=None
2025-08-20 23:33:29,162 - DEBUG - [DEBUG] Vérification unités ennemies: opponent=None, units=None
2025-08-20 23:33:29,162 - DEBUG - [DEBUG] Vérification unités joueur: player=None, units=None
2025-08-20 23:33:29,213 - DEBUG - [DEBUG] Vérification unités ennemies: opponent=None, units=None
2025-08-20 23:33:29,214 - DEBUG - [DEBUG] Vérification unités joueur: player=None, units=None
2025-08-20 23:33:29,262 - DEBUG - [DEBUG] Vérification unités ennemies: opponent=None, units=None
2025-08-20 23:33:29,262 - DEBUG - [DEBUG] Vérification unités joueur: player=None, units=None
2025-08-20 23:33:29,309 - DEBUG - [DEBUG] Vérification unités ennemies: opponent=None, units=None
2025-08-20 23:33:29,309 - DEBUG - [DEBUG] Vérification unités joueur: player=None, units=None
2025-08-20 23:33:29,310 - DEBUG - Starting new HTTP connection (1): localhost:5000
2025-08-20 23:33:29,359 - DEBUG - [DEBUG] Vérification unités ennemies: opponent=None, units=None
2025-08-20 23:33:29,359 - DEBUG - [DEBUG] Vérification unités joueur: player=None, units=None
2025-08-20 23:33:29,410 - DEBUG - [DEBUG] Vérification unités ennemies: opponent=None, units=None
2025-08-20 23:33:29,411 - DEBUG - [DEBUG] Vérification unités joueur: player=None, units=None
2025-08-20 23:33:29,460 - DEBUG - [DEBUG] Vérification unités ennemies: opponent=None, units=None
2025-08-20 23:33:29,461 - DEBUG - [DEBUG] Vérification unités joueur: player=None, units=None
2025-08-20 23:33:29,512 - DEBUG - [DEBUG] Vérification unités ennemies: opponent=None, units=None
2025-08-20 23:33:29,512 - DEBUG - [DEBUG] Vérification unités joueur: player=None, units=None
2025-08-20 23:33:29,563 - DEBUG - [DEBUG] Vérification unités ennemies: opponent=None, units=None
2025-08-20 23:33:29,563 - DEBUG - [DEBUG] Vérification unités joueur: player=None, units=None
2025-08-20 23:33:29,613 - DEBUG - [DEBUG] Vérification unités ennemies: opponent=None, units=None
2025-08-20 23:33:29,613 - DEBUG - [DEBUG] Vérification unités joueur: player=None, units=None
2025-08-20 23:33:29,671 - DEBUG - [DEBUG] Vérification unités ennemies: opponent=None, units=None
2025-08-20 23:33:29,671 - DEBUG - [DEBUG] Vérification unités joueur: player=None, units=None
2025-08-20 23:33:29,726 - DEBUG - [DEBUG] Vérification unités ennemies: opponent=None, units=None
2025-08-20 23:33:29,726 - DEBUG - [DEBUG] Vérification unités joueur: player=None, units=None
2025-08-20 23:33:29,779 - DEBUG - [DEBUG] Vérification unités ennemies: opponent=None, units=None
2025-08-20 23:33:29,779 - DEBUG - [DEBUG] Vérification unités joueur: player=None, units=None
2025-08-20 23:33:29,834 - DEBUG - [DEBUG] Vérification unités ennemies: opponent=None, units=None
2025-08-20 23:33:29,834 - DEBUG - [DEBUG] Vérification unités joueur: player=None, units=None
2025-08-20 23:33:29,884 - DEBUG - [DEBUG] Vérification unités ennemies: opponent=None, units=None
2025-08-20 23:33:29,885 - DEBUG - [DEBUG] Vérification unités joueur: player=None, units=None
2025-08-20 23:33:29,945 - DEBUG - [DEBUG] Vérification unités ennemies: opponent=None, units=None
2025-08-20 23:33:29,945 - DEBUG - [DEBUG] Vérification unités joueur: player=None, units=None
2025-08-20 23:33:29,993 - DEBUG - [DEBUG] Vérification unités ennemies: opponent=None, units=None
2025-08-20 23:33:29,993 - DEBUG - [DEBUG] Vérification unités joueur: player=None, units=None
2025-08-20 23:33:30,057 - DEBUG - [DEBUG] Vérification unités ennemies: opponent=None, units=None
2025-08-20 23:33:30,058 - DEBUG - [DEBUG] Vérification unités joueur: player=None, units=None
2025-08-20 23:33:30,114 - DEBUG - [DEBUG] Vérification unités ennemies: opponent=None, units=None
2025-08-20 23:33:30,114 - DEBUG - [DEBUG] Vérification unités joueur: player=None, units=None
2025-08-20 23:33:30,178 - DEBUG - [DEBUG] Vérification unités ennemies: opponent=None, units=None
2025-08-20 23:33:30,178 - DEBUG - [DEBUG] Vérification unités joueur: player=None, units=None
2025-08-20 23:33:30,240 - DEBUG - [DEBUG] Vérification unités ennemies: opponent=None, units=None
2025-08-20 23:33:30,240 - DEBUG - [DEBUG] Vérification unités joueur: player=None, units=None
2025-08-20 23:33:30,313 - DEBUG - [DEBUG] Vérification unités ennemies: opponent=None, units=None
2025-08-20 23:33:30,314 - DEBUG - [DEBUG] Vérification unités joueur: player=None, units=None
2025-08-20 23:33:30,366 - DEBUG - [DEBUG] Vérification unités ennemies: opponent=None, units=None
2025-08-20 23:33:30,367 - DEBUG - [DEBUG] Vérification unités joueur: player=None, units=None
2025-08-20 23:33:30,439 - DEBUG - [DEBUG] Vérification unités ennemies: opponent=None, units=None
2025-08-20 23:33:30,439 - DEBUG - [DEBUG] Vérification unités joueur: player=None, units=None
2025-08-20 23:33:30,492 - DEBUG - [DEBUG] Vérification unités ennemies: opponent=None, units=None
2025-08-20 23:33:30,493 - DEBUG - [DEBUG] Vérification unités joueur: player=None, units=None
2025-08-20 23:33:30,550 - DEBUG - [DEBUG] Vérification unités ennemies: opponent=None, units=None
2025-08-20 23:33:30,550 - DEBUG - [DEBUG] Vérification unités joueur: player=None, units=None
2025-08-20 23:33:30,600 - DEBUG - [DEBUG] Vérification unités ennemies: opponent=None, units=None
2025-08-20 23:33:30,601 - DEBUG - [DEBUG] Vérification unités joueur: player=None, units=None
2025-08-20 23:33:30,653 - DEBUG - [DEBUG UPDATE] update() appelé 60 fois
2025-08-20 23:33:30,654 - DEBUG - [DEBUG] Vérification unités ennemies: opponent=None, units=None
2025-08-20 23:33:30,654 - DEBUG - [DEBUG] Vérification unités joueur: player=None, units=None
2025-08-20 23:33:30,704 - DEBUG - [DEBUG] Vérification unités ennemies: opponent=None, units=None
2025-08-20 23:33:30,704 - DEBUG - [DEBUG] Vérification unités joueur: player=None, units=None
2025-08-20 23:33:30,776 - DEBUG - [DEBUG] Vérification unités ennemies: opponent=None, units=None
2025-08-20 23:33:30,780 - DEBUG - [DEBUG] Vérification unités joueur: player=None, units=None
2025-08-20 23:33:30,846 - DEBUG - [DEBUG] Vérification unités ennemies: opponent=None, units=None
2025-08-20 23:33:30,846 - DEBUG - [DEBUG] Vérification unités joueur: player=None, units=None
2025-08-20 23:33:30,906 - DEBUG - [DEBUG] Vérification unités ennemies: opponent=None, units=None
2025-08-20 23:33:30,906 - DEBUG - [DEBUG] Vérification unités joueur: player=None, units=None
2025-08-20 23:33:30,961 - DEBUG - [DEBUG] Vérification unités ennemies: opponent=None, units=None
2025-08-20 23:33:30,969 - DEBUG - [DEBUG] Vérification unités joueur: player=None, units=None
2025-08-20 23:33:31,052 - DEBUG - [DEBUG] Vérification unités ennemies: opponent=None, units=None
2025-08-20 23:33:31,052 - DEBUG - [DEBUG] Vérification unités joueur: player=None, units=None
2025-08-20 23:33:31,106 - DEBUG - [DEBUG] Vérification unités ennemies: opponent=None, units=None
2025-08-20 23:33:31,107 - DEBUG - [DEBUG] Vérification unités joueur: player=None, units=None
2025-08-20 23:33:31,171 - DEBUG - [DEBUG] Vérification unités ennemies: opponent=None, units=None
2025-08-20 23:33:31,171 - DEBUG - [DEBUG] Vérification unités joueur: player=None, units=None
2025-08-20 23:33:31,284 - DEBUG - [DEBUG] Vérification unités ennemies: opponent=None, units=None
2025-08-20 23:33:31,285 - DEBUG - [DEBUG] Vérification unités joueur: player=None, units=None
2025-08-20 23:33:31,340 - DEBUG - [DEBUG] Vérification unités ennemies: opponent=None, units=None
2025-08-20 23:33:31,340 - DEBUG - [DEBUG] Vérification unités joueur: player=None, units=None
2025-08-20 23:33:31,349 - DEBUG - http://localhost:5000 "GET /api/matchmaking/status HTTP/1.1" 200 115
2025-08-20 23:33:31,405 - DEBUG - [DEBUG] Vérification unités ennemies: opponent=None, units=None
2025-08-20 23:33:31,405 - DEBUG - [DEBUG] Vérification unités joueur: player=None, units=None
2025-08-20 23:33:31,477 - DEBUG - [DEBUG] Vérification unités ennemies: opponent=None, units=None
2025-08-20 23:33:31,478 - DEBUG - [DEBUG] Vérification unités joueur: player=None, units=None
2025-08-20 23:33:31,526 - DEBUG - [DEBUG] Vérification unités ennemies: opponent=None, units=None
2025-08-20 23:33:31,526 - DEBUG - [DEBUG] Vérification unités joueur: player=None, units=None
2025-08-20 23:33:31,574 - DEBUG - [DEBUG] Vérification unités ennemies: opponent=None, units=None
2025-08-20 23:33:31,574 - DEBUG - [DEBUG] Vérification unités joueur: player=None, units=None
2025-08-20 23:33:31,637 - DEBUG - [DEBUG] Vérification unités ennemies: opponent=None, units=None
2025-08-20 23:33:31,637 - DEBUG - [DEBUG] Vérification unités joueur: player=None, units=None
2025-08-20 23:33:31,683 - DEBUG - [DEBUG] Vérification unités ennemies: opponent=None, units=None
2025-08-20 23:33:31,683 - DEBUG - [DEBUG] Vérification unités joueur: player=None, units=None
2025-08-20 23:33:31,734 - DEBUG - [DEBUG] Vérification unités ennemies: opponent=None, units=None
2025-08-20 23:33:31,734 - DEBUG - [DEBUG] Vérification unités joueur: player=None, units=None
2025-08-20 23:33:31,780 - DEBUG - [DEBUG] Vérification unités ennemies: opponent=None, units=None
2025-08-20 23:33:31,780 - DEBUG - [DEBUG] Vérification unités joueur: player=None, units=None
2025-08-20 23:33:31,829 - DEBUG - [DEBUG] Vérification unités ennemies: opponent=None, units=None
2025-08-20 23:33:31,829 - DEBUG - [DEBUG] Vérification unités joueur: player=None, units=None
2025-08-20 23:33:31,888 - DEBUG - [DEBUG] Vérification unités ennemies: opponent=None, units=None
2025-08-20 23:33:31,888 - DEBUG - [DEBUG] Vérification unités joueur: player=None, units=None
2025-08-20 23:33:31,948 - DEBUG - [DEBUG] Vérification unités ennemies: opponent=None, units=None
2025-08-20 23:33:31,948 - DEBUG - [DEBUG] Vérification unités joueur: player=None, units=None
2025-08-20 23:33:32,000 - DEBUG - [DEBUG] Vérification unités ennemies: opponent=None, units=None
2025-08-20 23:33:32,000 - DEBUG - [DEBUG] Vérification unités joueur: player=None, units=None
2025-08-20 23:33:32,048 - DEBUG - [DEBUG] Vérification unités ennemies: opponent=None, units=None
2025-08-20 23:33:32,048 - DEBUG - [DEBUG] Vérification unités joueur: player=None, units=None
2025-08-20 23:33:32,102 - DEBUG - [DEBUG] Vérification unités ennemies: opponent=None, units=None
2025-08-20 23:33:32,102 - DEBUG - [DEBUG] Vérification unités joueur: player=None, units=None
2025-08-20 23:33:32,159 - DEBUG - [DEBUG] Vérification unités ennemies: opponent=None, units=None
2025-08-20 23:33:32,159 - DEBUG - [DEBUG] Vérification unités joueur: player=None, units=None
2025-08-20 23:33:32,212 - DEBUG - [DEBUG] Vérification unités ennemies: opponent=None, units=None
2025-08-20 23:33:32,212 - DEBUG - [DEBUG] Vérification unités joueur: player=None, units=None
2025-08-20 23:33:32,266 - DEBUG - [DEBUG] Vérification unités ennemies: opponent=None, units=None
2025-08-20 23:33:32,266 - DEBUG - [DEBUG] Vérification unités joueur: player=None, units=None
2025-08-20 23:33:32,315 - DEBUG - [DEBUG] Vérification unités ennemies: opponent=None, units=None
2025-08-20 23:33:32,316 - DEBUG - [DEBUG] Vérification unités joueur: player=None, units=None
2025-08-20 23:33:32,351 - DEBUG - Starting new HTTP connection (1): localhost:5000
2025-08-20 23:33:32,362 - DEBUG - [DEBUG] Vérification unités ennemies: opponent=None, units=None
2025-08-20 23:33:32,362 - DEBUG - [DEBUG] Vérification unités joueur: player=None, units=None
2025-08-20 23:33:32,409 - DEBUG - [DEBUG] Vérification unités ennemies: opponent=None, units=None
2025-08-20 23:33:32,409 - DEBUG - [DEBUG] Vérification unités joueur: player=None, units=None
2025-08-20 23:33:32,467 - DEBUG - [DEBUG] Vérification unités ennemies: opponent=None, units=None
2025-08-20 23:33:32,468 - DEBUG - [DEBUG] Vérification unités joueur: player=None, units=None
2025-08-20 23:33:32,524 - DEBUG - [DEBUG] Vérification unités ennemies: opponent=None, units=None
2025-08-20 23:33:32,524 - DEBUG - [DEBUG] Vérification unités joueur: player=None, units=None
2025-08-20 23:33:32,586 - DEBUG - [DEBUG] Vérification unités ennemies: opponent=None, units=None
2025-08-20 23:33:32,586 - DEBUG - [DEBUG] Vérification unités joueur: player=None, units=None
2025-08-20 23:33:32,637 - DEBUG - [DEBUG] Vérification unités ennemies: opponent=None, units=None
2025-08-20 23:33:32,637 - DEBUG - [DEBUG] Vérification unités joueur: player=None, units=None
2025-08-20 23:33:32,694 - DEBUG - [DEBUG] Vérification unités ennemies: opponent=None, units=None
2025-08-20 23:33:32,694 - DEBUG - [DEBUG] Vérification unités joueur: player=None, units=None
2025-08-20 23:33:32,749 - DEBUG - [DEBUG] Vérification unités ennemies: opponent=None, units=None
2025-08-20 23:33:32,749 - DEBUG - [DEBUG] Vérification unités joueur: player=None, units=None
2025-08-20 23:33:32,799 - DEBUG - [DEBUG] Vérification unités ennemies: opponent=None, units=None
2025-08-20 23:33:32,800 - DEBUG - [DEBUG] Vérification unités joueur: player=None, units=None
2025-08-20 23:33:32,861 - DEBUG - [DEBUG] Vérification unités ennemies: opponent=None, units=None
2025-08-20 23:33:32,861 - DEBUG - [DEBUG] Vérification unités joueur: player=None, units=None
2025-08-20 23:33:32,911 - DEBUG - [DEBUG] Vérification unités ennemies: opponent=None, units=None
2025-08-20 23:33:32,911 - DEBUG - [DEBUG] Vérification unités joueur: player=None, units=None
2025-08-20 23:33:32,958 - DEBUG - [DEBUG] Vérification unités ennemies: opponent=None, units=None
2025-08-20 23:33:32,959 - DEBUG - [DEBUG] Vérification unités joueur: player=None, units=None
2025-08-20 23:33:33,017 - DEBUG - [DEBUG] Vérification unités ennemies: opponent=None, units=None
2025-08-20 23:33:33,018 - DEBUG - [DEBUG] Vérification unités joueur: player=None, units=None
2025-08-20 23:33:33,072 - DEBUG - [DEBUG] Vérification unités ennemies: opponent=None, units=None
2025-08-20 23:33:33,072 - DEBUG - [DEBUG] Vérification unités joueur: player=None, units=None
2025-08-20 23:33:33,121 - DEBUG - [DEBUG] Vérification unités ennemies: opponent=None, units=None
2025-08-20 23:33:33,121 - DEBUG - [DEBUG] Vérification unités joueur: player=None, units=None
2025-08-20 23:33:33,168 - DEBUG - [DEBUG] Vérification unités ennemies: opponent=None, units=None
2025-08-20 23:33:33,169 - DEBUG - [DEBUG] Vérification unités joueur: player=None, units=None
2025-08-20 23:33:33,219 - DEBUG - [DEBUG] Vérification unités ennemies: opponent=None, units=None
2025-08-20 23:33:33,219 - DEBUG - [DEBUG] Vérification unités joueur: player=None, units=None
2025-08-20 23:33:33,279 - DEBUG - [DEBUG] Vérification unités ennemies: opponent=None, units=None
2025-08-20 23:33:33,279 - DEBUG - [DEBUG] Vérification unités joueur: player=None, units=None
2025-08-20 23:33:33,329 - DEBUG - [DEBUG] Vérification unités ennemies: opponent=None, units=None
2025-08-20 23:33:33,330 - DEBUG - [DEBUG] Vérification unités joueur: player=None, units=None
2025-08-20 23:33:33,386 - DEBUG - [DEBUG] Vérification unités ennemies: opponent=None, units=None
2025-08-20 23:33:33,386 - DEBUG - [DEBUG] Vérification unités joueur: player=None, units=None
2025-08-20 23:33:33,432 - DEBUG - [DEBUG] Vérification unités ennemies: opponent=None, units=None
2025-08-20 23:33:33,433 - DEBUG - [DEBUG] Vérification unités joueur: player=None, units=None
2025-08-20 23:33:33,493 - DEBUG - [DEBUG] Vérification unités ennemies: opponent=None, units=None
2025-08-20 23:33:33,493 - DEBUG - [DEBUG] Vérification unités joueur: player=None, units=None
2025-08-20 23:33:33,547 - DEBUG - [DEBUG] Vérification unités ennemies: opponent=None, units=None
2025-08-20 23:33:33,547 - DEBUG - [DEBUG] Vérification unités joueur: player=None, units=None
2025-08-20 23:33:33,595 - DEBUG - [DEBUG] Vérification unités ennemies: opponent=None, units=None
2025-08-20 23:33:33,595 - DEBUG - [DEBUG] Vérification unités joueur: player=None, units=None
2025-08-20 23:33:33,646 - DEBUG - [DEBUG] Vérification unités ennemies: opponent=None, units=None
2025-08-20 23:33:33,646 - DEBUG - [DEBUG] Vérification unités joueur: player=None, units=None
2025-08-20 23:33:33,703 - DEBUG - [DEBUG] Vérification unités ennemies: opponent=None, units=None
2025-08-20 23:33:33,704 - DEBUG - [DEBUG] Vérification unités joueur: player=None, units=None
2025-08-20 23:33:33,759 - DEBUG - [DEBUG] Vérification unités ennemies: opponent=None, units=None
2025-08-20 23:33:33,759 - DEBUG - [DEBUG] Vérification unités joueur: player=None, units=None
2025-08-20 23:33:33,811 - DEBUG - [DEBUG] Vérification unités ennemies: opponent=None, units=None
2025-08-20 23:33:33,811 - DEBUG - [DEBUG] Vérification unités joueur: player=None, units=None
2025-08-20 23:33:33,865 - DEBUG - [DEBUG] Vérification unités ennemies: opponent=None, units=None
2025-08-20 23:33:33,865 - DEBUG - [DEBUG] Vérification unités joueur: player=None, units=None
2025-08-20 23:33:33,922 - DEBUG - [DEBUG] Vérification unités ennemies: opponent=None, units=None
2025-08-20 23:33:33,922 - DEBUG - [DEBUG] Vérification unités joueur: player=None, units=None
2025-08-20 23:33:33,968 - DEBUG - [DEBUG] Vérification unités ennemies: opponent=None, units=None
2025-08-20 23:33:33,969 - DEBUG - [DEBUG] Vérification unités joueur: player=None, units=None
2025-08-20 23:33:34,015 - DEBUG - [DEBUG UPDATE] update() appelé 120 fois
2025-08-20 23:33:34,015 - DEBUG - [DEBUG] Vérification unités ennemies: opponent=None, units=None
2025-08-20 23:33:34,015 - DEBUG - [DEBUG] Vérification unités joueur: player=None, units=None
2025-08-20 23:33:34,075 - DEBUG - [DEBUG] Vérification unités ennemies: opponent=None, units=None
2025-08-20 23:33:34,076 - DEBUG - [DEBUG] Vérification unités joueur: player=None, units=None
2025-08-20 23:33:34,137 - DEBUG - [DEBUG] Vérification unités ennemies: opponent=None, units=None
2025-08-20 23:33:34,138 - DEBUG - [DEBUG] Vérification unités joueur: player=None, units=None
2025-08-20 23:33:34,191 - DEBUG - [DEBUG] Vérification unités ennemies: opponent=None, units=None
2025-08-20 23:33:34,191 - DEBUG - [DEBUG] Vérification unités joueur: player=None, units=None
2025-08-20 23:33:34,247 - DEBUG - [DEBUG] Vérification unités ennemies: opponent=None, units=None
2025-08-20 23:33:34,247 - DEBUG - [DEBUG] Vérification unités joueur: player=None, units=None
2025-08-20 23:33:34,302 - DEBUG - [DEBUG] Vérification unités ennemies: opponent=None, units=None
2025-08-20 23:33:34,302 - DEBUG - [DEBUG] Vérification unités joueur: player=None, units=None
2025-08-20 23:33:34,359 - DEBUG - [DEBUG] Vérification unités ennemies: opponent=None, units=None
2025-08-20 23:33:34,359 - DEBUG - [DEBUG] Vérification unités joueur: player=None, units=None
2025-08-20 23:33:34,381 - DEBUG - http://localhost:5000 "GET /api/matchmaking/status HTTP/1.1" 200 114
2025-08-20 23:33:34,418 - DEBUG - [DEBUG] Vérification unités ennemies: opponent=None, units=None
2025-08-20 23:33:34,418 - DEBUG - [DEBUG] Vérification unités joueur: player=None, units=None
2025-08-20 23:33:34,477 - DEBUG - [DEBUG] Vérification unités ennemies: opponent=None, units=None
2025-08-20 23:33:34,477 - DEBUG - [DEBUG] Vérification unités joueur: player=None, units=None
2025-08-20 23:33:34,526 - DEBUG - [DEBUG] Vérification unités ennemies: opponent=None, units=None
2025-08-20 23:33:34,526 - DEBUG - [DEBUG] Vérification unités joueur: player=None, units=None
2025-08-20 23:33:34,580 - DEBUG - [DEBUG] Vérification unités ennemies: opponent=None, units=None
2025-08-20 23:33:34,580 - DEBUG - [DEBUG] Vérification unités joueur: player=None, units=None
2025-08-20 23:33:34,633 - DEBUG - [DEBUG] Vérification unités ennemies: opponent=None, units=None
2025-08-20 23:33:34,633 - DEBUG - [DEBUG] Vérification unités joueur: player=None, units=None
2025-08-20 23:33:34,709 - DEBUG - [DEBUG] Vérification unités ennemies: opponent=None, units=None
2025-08-20 23:33:34,709 - DEBUG - [DEBUG] Vérification unités joueur: player=None, units=None
2025-08-20 23:33:34,764 - DEBUG - [DEBUG] Vérification unités ennemies: opponent=None, units=None
2025-08-20 23:33:34,765 - DEBUG - [DEBUG] Vérification unités joueur: player=None, units=None
2025-08-20 23:33:34,820 - DEBUG - [DEBUG] Vérification unités ennemies: opponent=None, units=None
2025-08-20 23:33:34,821 - DEBUG - [DEBUG] Vérification unités joueur: player=None, units=None
2025-08-20 23:33:34,869 - DEBUG - [DEBUG] Vérification unités ennemies: opponent=None, units=None
2025-08-20 23:33:34,869 - DEBUG - [DEBUG] Vérification unités joueur: player=None, units=None
2025-08-20 23:33:34,921 - DEBUG - [DEBUG] Vérification unités ennemies: opponent=None, units=None
2025-08-20 23:33:34,921 - DEBUG - [DEBUG] Vérification unités joueur: player=None, units=None
2025-08-20 23:33:34,974 - DEBUG - [DEBUG] Vérification unités ennemies: opponent=None, units=None
2025-08-20 23:33:34,974 - DEBUG - [DEBUG] Vérification unités joueur: player=None, units=None
2025-08-20 23:33:35,031 - DEBUG - [DEBUG] Vérification unités ennemies: opponent=None, units=None
2025-08-20 23:33:35,032 - DEBUG - [DEBUG] Vérification unités joueur: player=None, units=None
2025-08-20 23:33:35,082 - DEBUG - [DEBUG] Vérification unités ennemies: opponent=None, units=None
2025-08-20 23:33:35,083 - DEBUG - [DEBUG] Vérification unités joueur: player=None, units=None
2025-08-20 23:33:35,137 - DEBUG - [DEBUG] Vérification unités ennemies: opponent=None, units=None
2025-08-20 23:33:35,138 - DEBUG - [DEBUG] Vérification unités joueur: player=None, units=None
2025-08-20 23:33:35,193 - DEBUG - [DEBUG] Vérification unités ennemies: opponent=None, units=None
2025-08-20 23:33:35,193 - DEBUG - [DEBUG] Vérification unités joueur: player=None, units=None
2025-08-20 23:33:35,243 - DEBUG - [DEBUG] Vérification unités ennemies: opponent=None, units=None
2025-08-20 23:33:35,243 - DEBUG - [DEBUG] Vérification unités joueur: player=None, units=None
2025-08-20 23:33:35,296 - DEBUG - [DEBUG] Vérification unités ennemies: opponent=None, units=None
2025-08-20 23:33:35,297 - DEBUG - [DEBUG] Vérification unités joueur: player=None, units=None
2025-08-20 23:33:35,360 - DEBUG - [DEBUG] Vérification unités ennemies: opponent=None, units=None
2025-08-20 23:33:35,360 - DEBUG - [DEBUG] Vérification unités joueur: player=None, units=None
2025-08-20 23:33:35,383 - DEBUG - Starting new HTTP connection (1): localhost:5000
2025-08-20 23:33:35,415 - DEBUG - [DEBUG] Vérification unités ennemies: opponent=None, units=None
2025-08-20 23:33:35,415 - DEBUG - [DEBUG] Vérification unités joueur: player=None, units=None
2025-08-20 23:33:35,470 - DEBUG - [DEBUG] Vérification unités ennemies: opponent=None, units=None
2025-08-20 23:33:35,470 - DEBUG - [DEBUG] Vérification unités joueur: player=None, units=None
2025-08-20 23:33:35,544 - DEBUG - [DEBUG] Vérification unités ennemies: opponent=None, units=None
2025-08-20 23:33:35,544 - DEBUG - [DEBUG] Vérification unités joueur: player=None, units=None
2025-08-20 23:33:35,596 - DEBUG - [DEBUG] Vérification unités ennemies: opponent=None, units=None
2025-08-20 23:33:35,596 - DEBUG - [DEBUG] Vérification unités joueur: player=None, units=None
2025-08-20 23:33:35,648 - DEBUG - [DEBUG] Vérification unités ennemies: opponent=None, units=None
2025-08-20 23:33:35,648 - DEBUG - [DEBUG] Vérification unités joueur: player=None, units=None
2025-08-20 23:33:35,706 - DEBUG - [DEBUG] Vérification unités ennemies: opponent=None, units=None
2025-08-20 23:33:35,706 - DEBUG - [DEBUG] Vérification unités joueur: player=None, units=None
2025-08-20 23:33:35,778 - DEBUG - [DEBUG] Vérification unités ennemies: opponent=None, units=None
2025-08-20 23:33:35,787 - DEBUG - [DEBUG] Vérification unités joueur: player=None, units=None
2025-08-20 23:33:35,912 - DEBUG - [DEBUG] Vérification unités ennemies: opponent=None, units=None
2025-08-20 23:33:35,912 - DEBUG - [DEBUG] Vérification unités joueur: player=None, units=None
2025-08-20 23:33:35,978 - DEBUG - [DEBUG] Vérification unités ennemies: opponent=None, units=None
2025-08-20 23:33:35,987 - DEBUG - [DEBUG] Vérification unités joueur: player=None, units=None
2025-08-20 23:33:36,056 - DEBUG - [DEBUG] Vérification unités ennemies: opponent=None, units=None
2025-08-20 23:33:36,056 - DEBUG - [DEBUG] Vérification unités joueur: player=None, units=None
