2025-08-21 10:13:02,396 - DEBUG - Starting new HTTP connection (1): localhost:5000
2025-08-21 10:13:04,693 - DEBUG - http://localhost:5000 "POST /api/matchmaking/join HTTP/1.1" 200 146
2025-08-21 10:13:04,696 - DEBUG - Starting new HTTP connection (1): localhost:5000
2025-08-21 10:13:04,696 - DEBUG - Starting new HTTP connection (1): localhost:5000
2025-08-21 10:13:06,719 - DEBUG - http://localhost:5000 "GET /api/matchmaking/status HTTP/1.1" 200 567
2025-08-21 10:13:06,720 - DEBUG - http://localhost:5000 "POST /api/matchmaking/poll HTTP/1.1" 200 22
2025-08-21 10:13:07,721 - DEBUG - Starting new HTTP connection (1): localhost:5000
2025-08-21 10:13:09,722 - DEBUG - Starting new HTTP connection (1): localhost:5000
2025-08-21 10:13:09,746 - DEBUG - http://localhost:5000 "GET /api/matchmaking/status HTTP/1.1" 200 567
2025-08-21 10:13:10,748 - DEBUG - Starting new HTTP connection (1): localhost:5000
2025-08-21 10:13:11,761 - DEBUG - http://localhost:5000 "POST /api/matchmaking/poll HTTP/1.1" 200 22
2025-08-21 10:13:12,790 - DEBUG - http://localhost:5000 "GET /api/matchmaking/status HTTP/1.1" 200 567
2025-08-21 10:13:13,792 - DEBUG - Starting new HTTP connection (1): localhost:5000
2025-08-21 10:13:14,762 - DEBUG - Starting new HTTP connection (1): localhost:5000
2025-08-21 10:13:15,826 - DEBUG - http://localhost:5000 "GET /api/matchmaking/status HTTP/1.1" 200 567
2025-08-21 10:13:16,797 - DEBUG - http://localhost:5000 "POST /api/matchmaking/poll HTTP/1.1" 200 22
2025-08-21 10:13:16,830 - DEBUG - Starting new HTTP connection (1): localhost:5000
2025-08-21 10:13:18,874 - DEBUG - http://localhost:5000 "GET /api/matchmaking/status HTTP/1.1" 200 1131
2025-08-21 10:13:19,799 - DEBUG - Starting new HTTP connection (1): localhost:5000
2025-08-21 10:13:19,876 - DEBUG - Starting new HTTP connection (1): localhost:5000
2025-08-21 10:13:21,813 - DEBUG - http://localhost:5000 "POST /api/matchmaking/poll HTTP/1.1" 200 405
2025-08-21 10:13:21,817 - DEBUG - Starting new HTTP connection (1): localhost:5000
2025-08-21 10:13:21,916 - DEBUG - http://localhost:5000 "GET /api/matchmaking/status HTTP/1.1" 200 716
2025-08-21 10:13:22,917 - DEBUG - Starting new HTTP connection (1): localhost:5000
2025-08-21 10:13:23,862 - DEBUG - http://localhost:5000 "POST /api/game/initialize HTTP/1.1" 200 37
2025-08-21 10:13:24,937 - DEBUG - http://localhost:5000 "GET /api/matchmaking/status HTTP/1.1" 200 716
2025-08-21 10:13:25,938 - DEBUG - Starting new HTTP connection (1): localhost:5000
2025-08-21 10:13:27,974 - DEBUG - http://localhost:5000 "GET /api/matchmaking/status HTTP/1.1" 200 716
2025-08-21 10:13:28,976 - DEBUG - Starting new HTTP connection (1): localhost:5000
2025-08-21 10:13:31,001 - DEBUG - http://localhost:5000 "GET /api/matchmaking/status HTTP/1.1" 200 716
2025-08-21 10:13:32,003 - DEBUG - Starting new HTTP connection (1): localhost:5000
2025-08-21 10:13:34,028 - DEBUG - http://localhost:5000 "GET /api/matchmaking/status HTTP/1.1" 200 716
2025-08-21 10:13:35,030 - DEBUG - Starting new HTTP connection (1): localhost:5000
2025-08-21 10:13:37,058 - DEBUG - http://localhost:5000 "GET /api/matchmaking/status HTTP/1.1" 200 716
2025-08-21 10:13:38,060 - DEBUG - Starting new HTTP connection (1): localhost:5000
