2025-08-21 09:53:47,750 - DEBUG - Starting new HTTP connection (1): localhost:5000
2025-08-21 09:53:50,296 - DEBUG - http://localhost:5000 "POST /api/matchmaking/join HTTP/1.1" 200 130
2025-08-21 09:53:50,298 - DEBUG - Starting new HTTP connection (1): localhost:5000
2025-08-21 09:53:50,298 - DEBUG - Starting new HTTP connection (1): localhost:5000
2025-08-21 09:53:52,346 - DEBUG - http://localhost:5000 "POST /api/matchmaking/poll HTTP/1.1" 200 407
2025-08-21 09:53:52,346 - DEBUG - http://localhost:5000 "GET /api/matchmaking/status HTTP/1.1" 200 723
2025-08-21 09:53:52,355 - DEBUG - Starting new HTTP connection (1): localhost:5000
2025-08-21 09:53:53,351 - DEBUG - Starting new HTTP connection (1): localhost:5000
2025-08-21 09:53:54,398 - DEBUG - http://localhost:5000 "POST /api/game/initialize HTTP/1.1" 200 37
2025-08-21 09:53:54,435 - DEBUG - [DEBUG] Vérification unités ennemies: opponent=None, units=None
2025-08-21 09:53:54,435 - DEBUG - [DEBUG] Vérification unités joueur: player=None, units=None
2025-08-21 09:53:54,481 - DEBUG - [DEBUG] Vérification unités ennemies: opponent=None, units=None
2025-08-21 09:53:54,481 - DEBUG - [DEBUG] Vérification unités joueur: player=None, units=None
2025-08-21 09:53:54,528 - DEBUG - [DEBUG] Vérification unités ennemies: opponent=None, units=None
2025-08-21 09:53:54,528 - DEBUG - [DEBUG] Vérification unités joueur: player=None, units=None
2025-08-21 09:53:54,577 - DEBUG - [DEBUG] Vérification unités ennemies: opponent=None, units=None
2025-08-21 09:53:54,578 - DEBUG - [DEBUG] Vérification unités joueur: player=None, units=None
2025-08-21 09:53:54,623 - DEBUG - [DEBUG] Vérification unités ennemies: opponent=None, units=None
2025-08-21 09:53:54,624 - DEBUG - [DEBUG] Vérification unités joueur: player=None, units=None
2025-08-21 09:53:54,674 - DEBUG - [DEBUG] Vérification unités ennemies: opponent=None, units=None
2025-08-21 09:53:54,674 - DEBUG - [DEBUG] Vérification unités joueur: player=None, units=None
2025-08-21 09:53:54,727 - DEBUG - [DEBUG] Vérification unités ennemies: opponent=None, units=None
2025-08-21 09:53:54,727 - DEBUG - [DEBUG] Vérification unités joueur: player=None, units=None
2025-08-21 09:53:54,775 - DEBUG - [DEBUG] Vérification unités ennemies: opponent=None, units=None
2025-08-21 09:53:54,775 - DEBUG - [DEBUG] Vérification unités joueur: player=None, units=None
2025-08-21 09:53:54,821 - DEBUG - [DEBUG] Vérification unités ennemies: opponent=None, units=None
2025-08-21 09:53:54,821 - DEBUG - [DEBUG] Vérification unités joueur: player=None, units=None
2025-08-21 09:53:54,870 - DEBUG - [DEBUG] Vérification unités ennemies: opponent=None, units=None
2025-08-21 09:53:54,870 - DEBUG - [DEBUG] Vérification unités joueur: player=None, units=None
2025-08-21 09:53:54,922 - DEBUG - [DEBUG] Vérification unités ennemies: opponent=None, units=None
2025-08-21 09:53:54,922 - DEBUG - [DEBUG] Vérification unités joueur: player=None, units=None
2025-08-21 09:53:54,972 - DEBUG - [DEBUG] Vérification unités ennemies: opponent=None, units=None
2025-08-21 09:53:54,972 - DEBUG - [DEBUG] Vérification unités joueur: player=None, units=None
2025-08-21 09:53:55,021 - DEBUG - [DEBUG] Vérification unités ennemies: opponent=None, units=None
2025-08-21 09:53:55,021 - DEBUG - [DEBUG] Vérification unités joueur: player=None, units=None
2025-08-21 09:53:55,069 - DEBUG - [DEBUG] Vérification unités ennemies: opponent=None, units=None
2025-08-21 09:53:55,070 - DEBUG - [DEBUG] Vérification unités joueur: player=None, units=None
2025-08-21 09:53:55,120 - DEBUG - [DEBUG] Vérification unités ennemies: opponent=None, units=None
2025-08-21 09:53:55,120 - DEBUG - [DEBUG] Vérification unités joueur: player=None, units=None
2025-08-21 09:53:55,168 - DEBUG - [DEBUG] Vérification unités ennemies: opponent=None, units=None
2025-08-21 09:53:55,168 - DEBUG - [DEBUG] Vérification unités joueur: player=None, units=None
2025-08-21 09:53:55,216 - DEBUG - [DEBUG] Vérification unités ennemies: opponent=None, units=None
2025-08-21 09:53:55,216 - DEBUG - [DEBUG] Vérification unités joueur: player=None, units=None
2025-08-21 09:53:55,264 - DEBUG - [DEBUG] Vérification unités ennemies: opponent=None, units=None
2025-08-21 09:53:55,264 - DEBUG - [DEBUG] Vérification unités joueur: player=None, units=None
2025-08-21 09:53:55,312 - DEBUG - [DEBUG] Vérification unités ennemies: opponent=None, units=None
2025-08-21 09:53:55,312 - DEBUG - [DEBUG] Vérification unités joueur: player=None, units=None
2025-08-21 09:53:55,360 - DEBUG - [DEBUG] Vérification unités ennemies: opponent=None, units=None
2025-08-21 09:53:55,360 - DEBUG - [DEBUG] Vérification unités joueur: player=None, units=None
2025-08-21 09:53:55,403 - DEBUG - http://localhost:5000 "GET /api/matchmaking/status HTTP/1.1" 200 740
2025-08-21 09:53:55,413 - DEBUG - [DEBUG] Vérification unités ennemies: opponent=None, units=None
2025-08-21 09:53:55,413 - DEBUG - [DEBUG] Vérification unités joueur: player=None, units=None
2025-08-21 09:53:55,460 - DEBUG - [DEBUG] Vérification unités ennemies: opponent=None, units=None
2025-08-21 09:53:55,460 - DEBUG - [DEBUG] Vérification unités joueur: player=None, units=None
2025-08-21 09:53:55,506 - DEBUG - [DEBUG] Vérification unités ennemies: opponent=None, units=None
2025-08-21 09:53:55,506 - DEBUG - [DEBUG] Vérification unités joueur: player=None, units=None
2025-08-21 09:53:55,552 - DEBUG - [DEBUG] Vérification unités ennemies: opponent=None, units=None
2025-08-21 09:53:55,553 - DEBUG - [DEBUG] Vérification unités joueur: player=None, units=None
2025-08-21 09:53:55,601 - DEBUG - [DEBUG] Vérification unités ennemies: opponent=None, units=None
2025-08-21 09:53:55,602 - DEBUG - [DEBUG] Vérification unités joueur: player=None, units=None
2025-08-21 09:53:55,652 - DEBUG - [DEBUG] Vérification unités ennemies: opponent=None, units=None
2025-08-21 09:53:55,652 - DEBUG - [DEBUG] Vérification unités joueur: player=None, units=None
2025-08-21 09:53:55,722 - DEBUG - [DEBUG] Vérification unités ennemies: opponent=None, units=None
2025-08-21 09:53:55,723 - DEBUG - [DEBUG] Vérification unités joueur: player=None, units=None
2025-08-21 09:53:55,768 - DEBUG - [DEBUG] Vérification unités ennemies: opponent=None, units=None
2025-08-21 09:53:55,768 - DEBUG - [DEBUG] Vérification unités joueur: player=None, units=None
2025-08-21 09:53:55,815 - DEBUG - [DEBUG] Vérification unités ennemies: opponent=None, units=None
2025-08-21 09:53:55,816 - DEBUG - [DEBUG] Vérification unités joueur: player=None, units=None
2025-08-21 09:53:55,866 - DEBUG - [DEBUG] Vérification unités ennemies: opponent=None, units=None
2025-08-21 09:53:55,866 - DEBUG - [DEBUG] Vérification unités joueur: player=None, units=None
2025-08-21 09:53:55,913 - DEBUG - [DEBUG] Vérification unités ennemies: opponent=None, units=None
2025-08-21 09:53:55,913 - DEBUG - [DEBUG] Vérification unités joueur: player=None, units=None
2025-08-21 09:53:55,959 - DEBUG - [DEBUG] Vérification unités ennemies: opponent=None, units=None
2025-08-21 09:53:55,959 - DEBUG - [DEBUG] Vérification unités joueur: player=None, units=None
2025-08-21 09:53:56,006 - DEBUG - [DEBUG] Vérification unités ennemies: opponent=None, units=None
2025-08-21 09:53:56,006 - DEBUG - [DEBUG] Vérification unités joueur: player=None, units=None
2025-08-21 09:53:56,052 - DEBUG - [DEBUG] Vérification unités ennemies: opponent=None, units=None
2025-08-21 09:53:56,052 - DEBUG - [DEBUG] Vérification unités joueur: player=None, units=None
2025-08-21 09:53:56,100 - DEBUG - [DEBUG] Vérification unités ennemies: opponent=None, units=None
2025-08-21 09:53:56,100 - DEBUG - [DEBUG] Vérification unités joueur: player=None, units=None
2025-08-21 09:53:56,149 - DEBUG - [DEBUG] Vérification unités ennemies: opponent=None, units=None
2025-08-21 09:53:56,149 - DEBUG - [DEBUG] Vérification unités joueur: player=None, units=None
2025-08-21 09:53:56,198 - DEBUG - [DEBUG] Vérification unités ennemies: opponent=None, units=None
2025-08-21 09:53:56,198 - DEBUG - [DEBUG] Vérification unités joueur: player=None, units=None
2025-08-21 09:53:56,244 - DEBUG - [DEBUG] Vérification unités ennemies: opponent=None, units=None
2025-08-21 09:53:56,244 - DEBUG - [DEBUG] Vérification unités joueur: player=None, units=None
2025-08-21 09:53:56,292 - DEBUG - [DEBUG] Vérification unités ennemies: opponent=None, units=None
2025-08-21 09:53:56,292 - DEBUG - [DEBUG] Vérification unités joueur: player=None, units=None
2025-08-21 09:53:56,343 - DEBUG - [DEBUG] Vérification unités ennemies: opponent=None, units=None
2025-08-21 09:53:56,343 - DEBUG - [DEBUG] Vérification unités joueur: player=None, units=None
2025-08-21 09:53:56,389 - DEBUG - [DEBUG] Vérification unités ennemies: opponent=None, units=None
2025-08-21 09:53:56,389 - DEBUG - [DEBUG] Vérification unités joueur: player=None, units=None
2025-08-21 09:53:56,405 - DEBUG - Starting new HTTP connection (1): localhost:5000
2025-08-21 09:53:56,435 - DEBUG - [DEBUG] Vérification unités ennemies: opponent=None, units=None
2025-08-21 09:53:56,435 - DEBUG - [DEBUG] Vérification unités joueur: player=None, units=None
2025-08-21 09:53:56,481 - DEBUG - [DEBUG] Vérification unités ennemies: opponent=None, units=None
2025-08-21 09:53:56,482 - DEBUG - [DEBUG] Vérification unités joueur: player=None, units=None
2025-08-21 09:53:56,527 - DEBUG - [DEBUG] Vérification unités ennemies: opponent=None, units=None
2025-08-21 09:53:56,527 - DEBUG - [DEBUG] Vérification unités joueur: player=None, units=None
2025-08-21 09:53:56,575 - DEBUG - [DEBUG] Vérification unités ennemies: opponent=None, units=None
2025-08-21 09:53:56,575 - DEBUG - [DEBUG] Vérification unités joueur: player=None, units=None
2025-08-21 09:53:56,623 - DEBUG - [DEBUG] Vérification unités ennemies: opponent=None, units=None
2025-08-21 09:53:56,623 - DEBUG - [DEBUG] Vérification unités joueur: player=None, units=None
2025-08-21 09:53:56,671 - DEBUG - [DEBUG] Vérification unités ennemies: opponent=None, units=None
2025-08-21 09:53:56,672 - DEBUG - [DEBUG] Vérification unités joueur: player=None, units=None
2025-08-21 09:53:56,718 - DEBUG - [DEBUG] Vérification unités ennemies: opponent=None, units=None
2025-08-21 09:53:56,718 - DEBUG - [DEBUG] Vérification unités joueur: player=None, units=None
2025-08-21 09:53:56,765 - DEBUG - [DEBUG] Vérification unités ennemies: opponent=None, units=None
2025-08-21 09:53:56,765 - DEBUG - [DEBUG] Vérification unités joueur: player=None, units=None
2025-08-21 09:53:56,811 - DEBUG - [DEBUG] Vérification unités ennemies: opponent=None, units=None
2025-08-21 09:53:56,811 - DEBUG - [DEBUG] Vérification unités joueur: player=None, units=None
2025-08-21 09:53:56,859 - DEBUG - [DEBUG] Vérification unités ennemies: opponent=None, units=None
2025-08-21 09:53:56,859 - DEBUG - [DEBUG] Vérification unités joueur: player=None, units=None
2025-08-21 09:53:56,906 - DEBUG - [DEBUG] Vérification unités ennemies: opponent=None, units=None
2025-08-21 09:53:56,906 - DEBUG - [DEBUG] Vérification unités joueur: player=None, units=None
2025-08-21 09:53:56,952 - DEBUG - [DEBUG] Vérification unités ennemies: opponent=None, units=None
2025-08-21 09:53:56,952 - DEBUG - [DEBUG] Vérification unités joueur: player=None, units=None
2025-08-21 09:53:57,001 - DEBUG - [DEBUG] Vérification unités ennemies: opponent=None, units=None
2025-08-21 09:53:57,001 - DEBUG - [DEBUG] Vérification unités joueur: player=None, units=None
2025-08-21 09:53:57,048 - DEBUG - [DEBUG] Vérification unités ennemies: opponent=None, units=None
2025-08-21 09:53:57,048 - DEBUG - [DEBUG] Vérification unités joueur: player=None, units=None
2025-08-21 09:53:57,093 - DEBUG - [DEBUG] Vérification unités ennemies: opponent=None, units=None
2025-08-21 09:53:57,094 - DEBUG - [DEBUG] Vérification unités joueur: player=None, units=None
2025-08-21 09:53:57,141 - DEBUG - [DEBUG] Vérification unités ennemies: opponent=None, units=None
2025-08-21 09:53:57,141 - DEBUG - [DEBUG] Vérification unités joueur: player=None, units=None
2025-08-21 09:53:57,187 - DEBUG - [DEBUG] Vérification unités ennemies: opponent=None, units=None
2025-08-21 09:53:57,188 - DEBUG - [DEBUG] Vérification unités joueur: player=None, units=None
2025-08-21 09:53:57,233 - DEBUG - [DEBUG] Vérification unités ennemies: opponent=None, units=None
2025-08-21 09:53:57,234 - DEBUG - [DEBUG] Vérification unités joueur: player=None, units=None
2025-08-21 09:53:57,280 - DEBUG - [DEBUG UPDATE] update() appelé 60 fois
2025-08-21 09:53:57,280 - DEBUG - [DEBUG] Vérification unités ennemies: opponent=None, units=None
2025-08-21 09:53:57,280 - DEBUG - [DEBUG] Vérification unités joueur: player=None, units=None
2025-08-21 09:53:57,325 - DEBUG - [DEBUG] Vérification unités ennemies: opponent=None, units=None
2025-08-21 09:53:57,325 - DEBUG - [DEBUG] Vérification unités joueur: player=None, units=None
2025-08-21 09:53:57,371 - DEBUG - [DEBUG] Vérification unités ennemies: opponent=None, units=None
2025-08-21 09:53:57,371 - DEBUG - [DEBUG] Vérification unités joueur: player=None, units=None
2025-08-21 09:53:57,419 - DEBUG - [DEBUG] Vérification unités ennemies: opponent=None, units=None
2025-08-21 09:53:57,419 - DEBUG - [DEBUG] Vérification unités joueur: player=None, units=None
2025-08-21 09:53:57,469 - DEBUG - [DEBUG] Vérification unités ennemies: opponent=None, units=None
2025-08-21 09:53:57,469 - DEBUG - [DEBUG] Vérification unités joueur: player=None, units=None
2025-08-21 09:53:57,518 - DEBUG - [DEBUG] Vérification unités ennemies: opponent=None, units=None
2025-08-21 09:53:57,518 - DEBUG - [DEBUG] Vérification unités joueur: player=None, units=None
2025-08-21 09:53:57,566 - DEBUG - [DEBUG] Vérification unités ennemies: opponent=None, units=None
2025-08-21 09:53:57,567 - DEBUG - [DEBUG] Vérification unités joueur: player=None, units=None
2025-08-21 09:53:57,613 - DEBUG - [DEBUG] Vérification unités ennemies: opponent=None, units=None
2025-08-21 09:53:57,614 - DEBUG - [DEBUG] Vérification unités joueur: player=None, units=None
2025-08-21 09:53:57,661 - DEBUG - [DEBUG] Vérification unités ennemies: opponent=None, units=None
2025-08-21 09:53:57,661 - DEBUG - [DEBUG] Vérification unités joueur: player=None, units=None
2025-08-21 09:53:57,708 - DEBUG - [DEBUG] Vérification unités ennemies: opponent=None, units=None
2025-08-21 09:53:57,708 - DEBUG - [DEBUG] Vérification unités joueur: player=None, units=None
2025-08-21 09:53:57,756 - DEBUG - [DEBUG] Vérification unités ennemies: opponent=None, units=None
2025-08-21 09:53:57,756 - DEBUG - [DEBUG] Vérification unités joueur: player=None, units=None
2025-08-21 09:53:57,807 - DEBUG - [DEBUG] Vérification unités ennemies: opponent=None, units=None
2025-08-21 09:53:57,807 - DEBUG - [DEBUG] Vérification unités joueur: player=None, units=None
2025-08-21 09:53:57,854 - DEBUG - [DEBUG] Vérification unités ennemies: opponent=None, units=None
2025-08-21 09:53:57,854 - DEBUG - [DEBUG] Vérification unités joueur: player=None, units=None
2025-08-21 09:53:57,902 - DEBUG - [DEBUG] Vérification unités ennemies: opponent=None, units=None
2025-08-21 09:53:57,902 - DEBUG - [DEBUG] Vérification unités joueur: player=None, units=None
2025-08-21 09:53:57,950 - DEBUG - [DEBUG] Vérification unités ennemies: opponent=None, units=None
2025-08-21 09:53:57,951 - DEBUG - [DEBUG] Vérification unités joueur: player=None, units=None
2025-08-21 09:53:57,999 - DEBUG - [DEBUG] Vérification unités ennemies: opponent=None, units=None
2025-08-21 09:53:57,999 - DEBUG - [DEBUG] Vérification unités joueur: player=None, units=None
2025-08-21 09:53:58,045 - DEBUG - [DEBUG] Vérification unités ennemies: opponent=None, units=None
2025-08-21 09:53:58,046 - DEBUG - [DEBUG] Vérification unités joueur: player=None, units=None
2025-08-21 09:53:58,092 - DEBUG - [DEBUG] Vérification unités ennemies: opponent=None, units=None
2025-08-21 09:53:58,092 - DEBUG - [DEBUG] Vérification unités joueur: player=None, units=None
2025-08-21 09:53:58,140 - DEBUG - [DEBUG] Vérification unités ennemies: opponent=None, units=None
2025-08-21 09:53:58,140 - DEBUG - [DEBUG] Vérification unités joueur: player=None, units=None
2025-08-21 09:53:58,187 - DEBUG - [DEBUG] Vérification unités ennemies: opponent=None, units=None
2025-08-21 09:53:58,187 - DEBUG - [DEBUG] Vérification unités joueur: player=None, units=None
2025-08-21 09:53:58,234 - DEBUG - [DEBUG] Vérification unités ennemies: opponent=None, units=None
2025-08-21 09:53:58,234 - DEBUG - [DEBUG] Vérification unités joueur: player=None, units=None
2025-08-21 09:53:58,280 - DEBUG - [DEBUG] Vérification unités ennemies: opponent=None, units=None
2025-08-21 09:53:58,280 - DEBUG - [DEBUG] Vérification unités joueur: player=None, units=None
2025-08-21 09:53:58,327 - DEBUG - [DEBUG] Vérification unités ennemies: opponent=None, units=None
2025-08-21 09:53:58,327 - DEBUG - [DEBUG] Vérification unités joueur: player=None, units=None
2025-08-21 09:53:58,378 - DEBUG - [DEBUG] Vérification unités ennemies: opponent=None, units=None
2025-08-21 09:53:58,378 - DEBUG - [DEBUG] Vérification unités joueur: player=None, units=None
2025-08-21 09:53:58,437 - DEBUG - [DEBUG] Vérification unités ennemies: opponent=None, units=None
2025-08-21 09:53:58,437 - DEBUG - [DEBUG] Vérification unités joueur: player=None, units=None
2025-08-21 09:53:58,473 - DEBUG - http://localhost:5000 "GET /api/matchmaking/status HTTP/1.1" 200 740
2025-08-21 09:53:58,485 - DEBUG - [DEBUG] Vérification unités ennemies: opponent=None, units=None
2025-08-21 09:53:58,485 - DEBUG - [DEBUG] Vérification unités joueur: player=None, units=None
2025-08-21 09:53:58,532 - DEBUG - [DEBUG] Vérification unités ennemies: opponent=None, units=None
2025-08-21 09:53:58,532 - DEBUG - [DEBUG] Vérification unités joueur: player=None, units=None
2025-08-21 09:53:58,583 - DEBUG - [DEBUG] Vérification unités ennemies: opponent=None, units=None
2025-08-21 09:53:58,583 - DEBUG - [DEBUG] Vérification unités joueur: player=None, units=None
2025-08-21 09:53:58,634 - DEBUG - [DEBUG] Vérification unités ennemies: opponent=None, units=None
2025-08-21 09:53:58,634 - DEBUG - [DEBUG] Vérification unités joueur: player=None, units=None
2025-08-21 09:53:58,688 - DEBUG - [DEBUG] Vérification unités ennemies: opponent=None, units=None
2025-08-21 09:53:58,688 - DEBUG - [DEBUG] Vérification unités joueur: player=None, units=None
2025-08-21 09:53:58,736 - DEBUG - [DEBUG] Vérification unités ennemies: opponent=None, units=None
2025-08-21 09:53:58,737 - DEBUG - [DEBUG] Vérification unités joueur: player=None, units=None
2025-08-21 09:53:58,785 - DEBUG - [DEBUG] Vérification unités ennemies: opponent=None, units=None
2025-08-21 09:53:58,785 - DEBUG - [DEBUG] Vérification unités joueur: player=None, units=None
2025-08-21 09:53:58,833 - DEBUG - [DEBUG] Vérification unités ennemies: opponent=None, units=None
2025-08-21 09:53:58,833 - DEBUG - [DEBUG] Vérification unités joueur: player=None, units=None
2025-08-21 09:53:58,880 - DEBUG - [DEBUG] Vérification unités ennemies: opponent=None, units=None
2025-08-21 09:53:58,881 - DEBUG - [DEBUG] Vérification unités joueur: player=None, units=None
2025-08-21 09:53:58,928 - DEBUG - [DEBUG] Vérification unités ennemies: opponent=None, units=None
2025-08-21 09:53:58,928 - DEBUG - [DEBUG] Vérification unités joueur: player=None, units=None
2025-08-21 09:53:58,977 - DEBUG - [DEBUG] Vérification unités ennemies: opponent=None, units=None
2025-08-21 09:53:58,978 - DEBUG - [DEBUG] Vérification unités joueur: player=None, units=None
2025-08-21 09:53:59,028 - DEBUG - [DEBUG] Vérification unités ennemies: opponent=None, units=None
2025-08-21 09:53:59,028 - DEBUG - [DEBUG] Vérification unités joueur: player=None, units=None
2025-08-21 09:53:59,076 - DEBUG - [DEBUG] Vérification unités ennemies: opponent=None, units=None
2025-08-21 09:53:59,077 - DEBUG - [DEBUG] Vérification unités joueur: player=None, units=None
2025-08-21 09:53:59,122 - DEBUG - [DEBUG] Vérification unités ennemies: opponent=None, units=None
2025-08-21 09:53:59,123 - DEBUG - [DEBUG] Vérification unités joueur: player=None, units=None
2025-08-21 09:53:59,188 - DEBUG - [DEBUG] Vérification unités ennemies: opponent=None, units=None
2025-08-21 09:53:59,189 - DEBUG - [DEBUG] Vérification unités joueur: player=None, units=None
2025-08-21 09:53:59,249 - DEBUG - [DEBUG] Vérification unités ennemies: opponent=None, units=None
2025-08-21 09:53:59,250 - DEBUG - [DEBUG] Vérification unités joueur: player=None, units=None
2025-08-21 09:53:59,314 - DEBUG - [DEBUG] Vérification unités ennemies: opponent=None, units=None
2025-08-21 09:53:59,316 - DEBUG - [DEBUG] Vérification unités joueur: player=None, units=None
2025-08-21 09:53:59,376 - DEBUG - [DEBUG] Vérification unités ennemies: opponent=None, units=None
2025-08-21 09:53:59,377 - DEBUG - [DEBUG] Vérification unités joueur: player=None, units=None
2025-08-21 09:53:59,436 - DEBUG - [DEBUG] Vérification unités ennemies: opponent=None, units=None
2025-08-21 09:53:59,437 - DEBUG - [DEBUG] Vérification unités joueur: player=None, units=None
2025-08-21 09:53:59,476 - DEBUG - Starting new HTTP connection (1): localhost:5000
2025-08-21 09:53:59,500 - DEBUG - [DEBUG] Vérification unités ennemies: opponent=None, units=None
2025-08-21 09:53:59,500 - DEBUG - [DEBUG] Vérification unités joueur: player=None, units=None
2025-08-21 09:53:59,565 - DEBUG - [DEBUG] Vérification unités ennemies: opponent=None, units=None
2025-08-21 09:53:59,565 - DEBUG - [DEBUG] Vérification unités joueur: player=None, units=None
2025-08-21 09:53:59,612 - DEBUG - [DEBUG] Vérification unités ennemies: opponent=None, units=None
2025-08-21 09:53:59,613 - DEBUG - [DEBUG] Vérification unités joueur: player=None, units=None
2025-08-21 09:53:59,676 - DEBUG - [DEBUG] Vérification unités ennemies: opponent=None, units=None
2025-08-21 09:53:59,676 - DEBUG - [DEBUG] Vérification unités joueur: player=None, units=None
2025-08-21 09:53:59,730 - DEBUG - [DEBUG] Vérification unités ennemies: opponent=None, units=None
2025-08-21 09:53:59,730 - DEBUG - [DEBUG] Vérification unités joueur: player=None, units=None
2025-08-21 09:53:59,778 - DEBUG - [DEBUG] Vérification unités ennemies: opponent=None, units=None
2025-08-21 09:53:59,778 - DEBUG - [DEBUG] Vérification unités joueur: player=None, units=None
2025-08-21 09:53:59,826 - DEBUG - [DEBUG] Vérification unités ennemies: opponent=None, units=None
2025-08-21 09:53:59,827 - DEBUG - [DEBUG] Vérification unités joueur: player=None, units=None
2025-08-21 09:53:59,874 - DEBUG - [DEBUG] Vérification unités ennemies: opponent=None, units=None
2025-08-21 09:53:59,875 - DEBUG - [DEBUG] Vérification unités joueur: player=None, units=None
2025-08-21 09:53:59,921 - DEBUG - [DEBUG] Vérification unités ennemies: opponent=None, units=None
2025-08-21 09:53:59,921 - DEBUG - [DEBUG] Vérification unités joueur: player=None, units=None
2025-08-21 09:53:59,969 - DEBUG - [DEBUG] Vérification unités ennemies: opponent=None, units=None
2025-08-21 09:53:59,969 - DEBUG - [DEBUG] Vérification unités joueur: player=None, units=None
2025-08-21 09:54:00,020 - DEBUG - [DEBUG] Vérification unités ennemies: opponent=None, units=None
2025-08-21 09:54:00,020 - DEBUG - [DEBUG] Vérification unités joueur: player=None, units=None
2025-08-21 09:54:00,070 - DEBUG - [DEBUG] Vérification unités ennemies: opponent=None, units=None
2025-08-21 09:54:00,071 - DEBUG - [DEBUG] Vérification unités joueur: player=None, units=None
2025-08-21 09:54:00,119 - DEBUG - [DEBUG] Vérification unités ennemies: opponent=None, units=None
2025-08-21 09:54:00,119 - DEBUG - [DEBUG] Vérification unités joueur: player=None, units=None
2025-08-21 09:54:00,169 - DEBUG - [DEBUG] Vérification unités ennemies: opponent=None, units=None
2025-08-21 09:54:00,169 - DEBUG - [DEBUG] Vérification unités joueur: player=None, units=None
2025-08-21 09:54:00,217 - DEBUG - [DEBUG] Vérification unités ennemies: opponent=None, units=None
2025-08-21 09:54:00,217 - DEBUG - [DEBUG] Vérification unités joueur: player=None, units=None
2025-08-21 09:54:00,265 - DEBUG - [DEBUG] Vérification unités ennemies: opponent=None, units=None
2025-08-21 09:54:00,265 - DEBUG - [DEBUG] Vérification unités joueur: player=None, units=None
2025-08-21 09:54:00,313 - DEBUG - [DEBUG UPDATE] update() appelé 120 fois
2025-08-21 09:54:00,313 - DEBUG - [DEBUG] Vérification unités ennemies: opponent=None, units=None
2025-08-21 09:54:00,313 - DEBUG - [DEBUG] Vérification unités joueur: player=None, units=None
2025-08-21 09:54:00,361 - DEBUG - [DEBUG] Vérification unités ennemies: opponent=None, units=None
2025-08-21 09:54:00,361 - DEBUG - [DEBUG] Vérification unités joueur: player=None, units=None
2025-08-21 09:54:00,408 - DEBUG - [DEBUG] Vérification unités ennemies: opponent=None, units=None
2025-08-21 09:54:00,408 - DEBUG - [DEBUG] Vérification unités joueur: player=None, units=None
2025-08-21 09:54:00,455 - DEBUG - [DEBUG] Vérification unités ennemies: opponent=None, units=None
2025-08-21 09:54:00,455 - DEBUG - [DEBUG] Vérification unités joueur: player=None, units=None
2025-08-21 09:54:00,513 - DEBUG - [DEBUG] Vérification unités ennemies: opponent=None, units=None
2025-08-21 09:54:00,514 - DEBUG - [DEBUG] Vérification unités joueur: player=None, units=None
2025-08-21 09:54:00,560 - DEBUG - [DEBUG] Vérification unités ennemies: opponent=None, units=None
2025-08-21 09:54:00,561 - DEBUG - [DEBUG] Vérification unités joueur: player=None, units=None
2025-08-21 09:54:00,608 - DEBUG - [DEBUG] Vérification unités ennemies: opponent=None, units=None
2025-08-21 09:54:00,608 - DEBUG - [DEBUG] Vérification unités joueur: player=None, units=None
2025-08-21 09:54:00,656 - DEBUG - [DEBUG] Vérification unités ennemies: opponent=None, units=None
2025-08-21 09:54:00,656 - DEBUG - [DEBUG] Vérification unités joueur: player=None, units=None
2025-08-21 09:54:00,702 - DEBUG - [DEBUG] Vérification unités ennemies: opponent=None, units=None
2025-08-21 09:54:00,702 - DEBUG - [DEBUG] Vérification unités joueur: player=None, units=None
2025-08-21 09:54:00,753 - DEBUG - [DEBUG] Vérification unités ennemies: opponent=None, units=None
2025-08-21 09:54:00,754 - DEBUG - [DEBUG] Vérification unités joueur: player=None, units=None
2025-08-21 09:54:00,801 - DEBUG - [DEBUG] Vérification unités ennemies: opponent=None, units=None
2025-08-21 09:54:00,802 - DEBUG - [DEBUG] Vérification unités joueur: player=None, units=None
2025-08-21 09:54:00,849 - DEBUG - [DEBUG] Vérification unités ennemies: opponent=None, units=None
2025-08-21 09:54:00,849 - DEBUG - [DEBUG] Vérification unités joueur: player=None, units=None
2025-08-21 09:54:00,896 - DEBUG - [DEBUG] Vérification unités ennemies: opponent=None, units=None
2025-08-21 09:54:00,896 - DEBUG - [DEBUG] Vérification unités joueur: player=None, units=None
2025-08-21 09:54:00,951 - DEBUG - [DEBUG] Vérification unités ennemies: opponent=None, units=None
2025-08-21 09:54:00,951 - DEBUG - [DEBUG] Vérification unités joueur: player=None, units=None
2025-08-21 09:54:01,002 - DEBUG - [DEBUG] Vérification unités ennemies: opponent=None, units=None
2025-08-21 09:54:01,003 - DEBUG - [DEBUG] Vérification unités joueur: player=None, units=None
2025-08-21 09:54:01,054 - DEBUG - [DEBUG] Vérification unités ennemies: opponent=None, units=None
2025-08-21 09:54:01,054 - DEBUG - [DEBUG] Vérification unités joueur: player=None, units=None
2025-08-21 09:54:01,100 - DEBUG - [DEBUG] Vérification unités ennemies: opponent=None, units=None
2025-08-21 09:54:01,100 - DEBUG - [DEBUG] Vérification unités joueur: player=None, units=None
2025-08-21 09:54:01,146 - DEBUG - [DEBUG] Vérification unités ennemies: opponent=None, units=None
2025-08-21 09:54:01,147 - DEBUG - [DEBUG] Vérification unités joueur: player=None, units=None
2025-08-21 09:54:01,193 - DEBUG - [DEBUG] Vérification unités ennemies: opponent=None, units=None
2025-08-21 09:54:01,194 - DEBUG - [DEBUG] Vérification unités joueur: player=None, units=None
2025-08-21 09:54:01,239 - DEBUG - [DEBUG] Vérification unités ennemies: opponent=None, units=None
2025-08-21 09:54:01,239 - DEBUG - [DEBUG] Vérification unités joueur: player=None, units=None
2025-08-21 09:54:01,288 - DEBUG - [DEBUG] Vérification unités ennemies: opponent=None, units=None
2025-08-21 09:54:01,288 - DEBUG - [DEBUG] Vérification unités joueur: player=None, units=None
2025-08-21 09:54:01,333 - DEBUG - [DEBUG] Vérification unités ennemies: opponent=None, units=None
2025-08-21 09:54:01,333 - DEBUG - [DEBUG] Vérification unités joueur: player=None, units=None
2025-08-21 09:54:01,381 - DEBUG - [DEBUG] Vérification unités ennemies: opponent=None, units=None
2025-08-21 09:54:01,381 - DEBUG - [DEBUG] Vérification unités joueur: player=None, units=None
2025-08-21 09:54:01,427 - DEBUG - [DEBUG] Vérification unités ennemies: opponent=None, units=None
2025-08-21 09:54:01,428 - DEBUG - [DEBUG] Vérification unités joueur: player=None, units=None
2025-08-21 09:54:01,474 - DEBUG - [DEBUG] Vérification unités ennemies: opponent=None, units=None
2025-08-21 09:54:01,475 - DEBUG - [DEBUG] Vérification unités joueur: player=None, units=None
2025-08-21 09:54:01,520 - DEBUG - http://localhost:5000 "GET /api/matchmaking/status HTTP/1.1" 200 740
2025-08-21 09:54:01,527 - DEBUG - [DEBUG] Vérification unités ennemies: opponent=None, units=None
2025-08-21 09:54:01,527 - DEBUG - [DEBUG] Vérification unités joueur: player=None, units=None
2025-08-21 09:54:01,577 - DEBUG - [DEBUG] Vérification unités ennemies: opponent=None, units=None
2025-08-21 09:54:01,577 - DEBUG - [DEBUG] Vérification unités joueur: player=None, units=None
2025-08-21 09:54:01,623 - DEBUG - [DEBUG] Vérification unités ennemies: opponent=None, units=None
2025-08-21 09:54:01,623 - DEBUG - [DEBUG] Vérification unités joueur: player=None, units=None
2025-08-21 09:54:01,672 - DEBUG - [DEBUG] Vérification unités ennemies: opponent=None, units=None
2025-08-21 09:54:01,672 - DEBUG - [DEBUG] Vérification unités joueur: player=None, units=None
2025-08-21 09:54:01,720 - DEBUG - [DEBUG] Vérification unités ennemies: opponent=None, units=None
2025-08-21 09:54:01,720 - DEBUG - [DEBUG] Vérification unités joueur: player=None, units=None
2025-08-21 09:54:01,768 - DEBUG - [DEBUG] Vérification unités ennemies: opponent=None, units=None
2025-08-21 09:54:01,769 - DEBUG - [DEBUG] Vérification unités joueur: player=None, units=None
2025-08-21 09:54:01,815 - DEBUG - [DEBUG] Vérification unités ennemies: opponent=None, units=None
2025-08-21 09:54:01,816 - DEBUG - [DEBUG] Vérification unités joueur: player=None, units=None
2025-08-21 09:54:01,862 - DEBUG - [DEBUG] Vérification unités ennemies: opponent=None, units=None
2025-08-21 09:54:01,862 - DEBUG - [DEBUG] Vérification unités joueur: player=None, units=None
2025-08-21 09:54:01,909 - DEBUG - [DEBUG] Vérification unités ennemies: opponent=None, units=None
2025-08-21 09:54:01,909 - DEBUG - [DEBUG] Vérification unités joueur: player=None, units=None
2025-08-21 09:54:01,957 - DEBUG - [DEBUG] Vérification unités ennemies: opponent=None, units=None
2025-08-21 09:54:01,957 - DEBUG - [DEBUG] Vérification unités joueur: player=None, units=None
2025-08-21 09:54:02,013 - DEBUG - [DEBUG] Vérification unités ennemies: opponent=None, units=None
2025-08-21 09:54:02,013 - DEBUG - [DEBUG] Vérification unités joueur: player=None, units=None
2025-08-21 09:54:02,060 - DEBUG - [DEBUG] Vérification unités ennemies: opponent=None, units=None
2025-08-21 09:54:02,060 - DEBUG - [DEBUG] Vérification unités joueur: player=None, units=None
2025-08-21 09:54:02,106 - DEBUG - [DEBUG] Vérification unités ennemies: opponent=None, units=None
2025-08-21 09:54:02,106 - DEBUG - [DEBUG] Vérification unités joueur: player=None, units=None
2025-08-21 09:54:02,155 - DEBUG - [DEBUG] Vérification unités ennemies: opponent=None, units=None
2025-08-21 09:54:02,155 - DEBUG - [DEBUG] Vérification unités joueur: player=None, units=None
2025-08-21 09:54:02,202 - DEBUG - [DEBUG] Vérification unités ennemies: opponent=None, units=None
2025-08-21 09:54:02,203 - DEBUG - [DEBUG] Vérification unités joueur: player=None, units=None
2025-08-21 09:54:02,251 - DEBUG - [DEBUG] Vérification unités ennemies: opponent=None, units=None
2025-08-21 09:54:02,251 - DEBUG - [DEBUG] Vérification unités joueur: player=None, units=None
2025-08-21 09:54:02,297 - DEBUG - [DEBUG] Vérification unités ennemies: opponent=None, units=None
2025-08-21 09:54:02,297 - DEBUG - [DEBUG] Vérification unités joueur: player=None, units=None
2025-08-21 09:54:02,343 - DEBUG - [DEBUG] Vérification unités ennemies: opponent=None, units=None
2025-08-21 09:54:02,343 - DEBUG - [DEBUG] Vérification unités joueur: player=None, units=None
2025-08-21 09:54:02,389 - DEBUG - [DEBUG] Vérification unités ennemies: opponent=None, units=None
2025-08-21 09:54:02,390 - DEBUG - [DEBUG] Vérification unités joueur: player=None, units=None
2025-08-21 09:54:02,440 - DEBUG - [DEBUG] Vérification unités ennemies: opponent=None, units=None
2025-08-21 09:54:02,440 - DEBUG - [DEBUG] Vérification unités joueur: player=None, units=None
2025-08-21 09:54:02,486 - DEBUG - [DEBUG] Vérification unités ennemies: opponent=None, units=None
2025-08-21 09:54:02,487 - DEBUG - [DEBUG] Vérification unités joueur: player=None, units=None
2025-08-21 09:54:02,522 - DEBUG - Starting new HTTP connection (1): localhost:5000
2025-08-21 09:54:02,533 - DEBUG - [DEBUG] Vérification unités ennemies: opponent=None, units=None
2025-08-21 09:54:02,533 - DEBUG - [DEBUG] Vérification unités joueur: player=None, units=None
2025-08-21 09:54:02,581 - DEBUG - [DEBUG] Vérification unités ennemies: opponent=None, units=None
2025-08-21 09:54:02,581 - DEBUG - [DEBUG] Vérification unités joueur: player=None, units=None
2025-08-21 09:54:02,627 - DEBUG - [DEBUG] Vérification unités ennemies: opponent=None, units=None
2025-08-21 09:54:02,628 - DEBUG - [DEBUG] Vérification unités joueur: player=None, units=None
2025-08-21 09:54:02,674 - DEBUG - [DEBUG] Vérification unités ennemies: opponent=None, units=None
2025-08-21 09:54:02,675 - DEBUG - [DEBUG] Vérification unités joueur: player=None, units=None
2025-08-21 09:54:02,721 - DEBUG - [DEBUG] Vérification unités ennemies: opponent=None, units=None
2025-08-21 09:54:02,721 - DEBUG - [DEBUG] Vérification unités joueur: player=None, units=None
2025-08-21 09:54:02,767 - DEBUG - [DEBUG] Vérification unités ennemies: opponent=None, units=None
2025-08-21 09:54:02,768 - DEBUG - [DEBUG] Vérification unités joueur: player=None, units=None
2025-08-21 09:54:02,814 - DEBUG - [DEBUG] Vérification unités ennemies: opponent=None, units=None
2025-08-21 09:54:02,815 - DEBUG - [DEBUG] Vérification unités joueur: player=None, units=None
2025-08-21 09:54:02,861 - DEBUG - [DEBUG] Vérification unités ennemies: opponent=None, units=None
2025-08-21 09:54:02,861 - DEBUG - [DEBUG] Vérification unités joueur: player=None, units=None
2025-08-21 09:54:02,918 - DEBUG - [DEBUG] Vérification unités ennemies: opponent=None, units=None
2025-08-21 09:54:02,918 - DEBUG - [DEBUG] Vérification unités joueur: player=None, units=None
2025-08-21 09:54:02,967 - DEBUG - [DEBUG] Vérification unités ennemies: opponent=None, units=None
2025-08-21 09:54:02,968 - DEBUG - [DEBUG] Vérification unités joueur: player=None, units=None
2025-08-21 09:54:03,017 - DEBUG - [DEBUG] Vérification unités ennemies: opponent=None, units=None
2025-08-21 09:54:03,017 - DEBUG - [DEBUG] Vérification unités joueur: player=None, units=None
2025-08-21 09:54:03,065 - DEBUG - [DEBUG] Vérification unités ennemies: opponent=None, units=None
2025-08-21 09:54:03,065 - DEBUG - [DEBUG] Vérification unités joueur: player=None, units=None
2025-08-21 09:54:03,112 - DEBUG - [DEBUG] Vérification unités ennemies: opponent=None, units=None
2025-08-21 09:54:03,112 - DEBUG - [DEBUG] Vérification unités joueur: player=None, units=None
2025-08-21 09:54:03,159 - DEBUG - [DEBUG] Vérification unités ennemies: opponent=None, units=None
2025-08-21 09:54:03,159 - DEBUG - [DEBUG] Vérification unités joueur: player=None, units=None
2025-08-21 09:54:03,204 - DEBUG - [DEBUG UPDATE] update() appelé 180 fois
2025-08-21 09:54:03,205 - DEBUG - [DEBUG] Vérification unités ennemies: opponent=None, units=None
2025-08-21 09:54:03,205 - DEBUG - [DEBUG] Vérification unités joueur: player=None, units=None
2025-08-21 09:54:03,250 - DEBUG - [DEBUG] Vérification unités ennemies: opponent=None, units=None
2025-08-21 09:54:03,250 - DEBUG - [DEBUG] Vérification unités joueur: player=None, units=None
2025-08-21 09:54:03,298 - DEBUG - [DEBUG] Vérification unités ennemies: opponent=None, units=None
2025-08-21 09:54:03,298 - DEBUG - [DEBUG] Vérification unités joueur: player=None, units=None
2025-08-21 09:54:03,344 - DEBUG - [DEBUG] Vérification unités ennemies: opponent=None, units=None
2025-08-21 09:54:03,344 - DEBUG - [DEBUG] Vérification unités joueur: player=None, units=None
2025-08-21 09:54:03,400 - DEBUG - [DEBUG] Vérification unités ennemies: opponent=None, units=None
2025-08-21 09:54:03,400 - DEBUG - [DEBUG] Vérification unités joueur: player=None, units=None
2025-08-21 09:54:03,450 - DEBUG - [DEBUG] Vérification unités ennemies: opponent=None, units=None
2025-08-21 09:54:03,450 - DEBUG - [DEBUG] Vérification unités joueur: player=None, units=None
2025-08-21 09:54:03,497 - DEBUG - [DEBUG] Vérification unités ennemies: opponent=None, units=None
2025-08-21 09:54:03,497 - DEBUG - [DEBUG] Vérification unités joueur: player=None, units=None
2025-08-21 09:54:03,544 - DEBUG - [DEBUG] Vérification unités ennemies: opponent=None, units=None
2025-08-21 09:54:03,545 - DEBUG - [DEBUG] Vérification unités joueur: player=None, units=None
2025-08-21 09:54:03,591 - DEBUG - [DEBUG] Vérification unités ennemies: opponent=None, units=None
2025-08-21 09:54:03,591 - DEBUG - [DEBUG] Vérification unités joueur: player=None, units=None
2025-08-21 09:54:03,637 - DEBUG - [DEBUG] Vérification unités ennemies: opponent=None, units=None
2025-08-21 09:54:03,637 - DEBUG - [DEBUG] Vérification unités joueur: player=None, units=None
2025-08-21 09:54:03,684 - DEBUG - [DEBUG] Vérification unités ennemies: opponent=None, units=None
2025-08-21 09:54:03,685 - DEBUG - [DEBUG] Vérification unités joueur: player=None, units=None
2025-08-21 09:54:03,733 - DEBUG - [DEBUG] Vérification unités ennemies: opponent=None, units=None
2025-08-21 09:54:03,733 - DEBUG - [DEBUG] Vérification unités joueur: player=None, units=None
2025-08-21 09:54:03,780 - DEBUG - [DEBUG] Vérification unités ennemies: opponent=None, units=None
2025-08-21 09:54:03,780 - DEBUG - [DEBUG] Vérification unités joueur: player=None, units=None
2025-08-21 09:54:03,826 - DEBUG - [DEBUG] Vérification unités ennemies: opponent=None, units=None
2025-08-21 09:54:03,826 - DEBUG - [DEBUG] Vérification unités joueur: player=None, units=None
2025-08-21 09:54:03,874 - DEBUG - [DEBUG] Vérification unités ennemies: opponent=None, units=None
2025-08-21 09:54:03,875 - DEBUG - [DEBUG] Vérification unités joueur: player=None, units=None
2025-08-21 09:54:03,922 - DEBUG - [DEBUG] Vérification unités ennemies: opponent=None, units=None
2025-08-21 09:54:03,922 - DEBUG - [DEBUG] Vérification unités joueur: player=None, units=None
2025-08-21 09:54:03,968 - DEBUG - [DEBUG] Vérification unités ennemies: opponent=None, units=None
2025-08-21 09:54:03,969 - DEBUG - [DEBUG] Vérification unités joueur: player=None, units=None
2025-08-21 09:54:04,017 - DEBUG - [DEBUG] Vérification unités ennemies: opponent=None, units=None
2025-08-21 09:54:04,018 - DEBUG - [DEBUG] Vérification unités joueur: player=None, units=None
2025-08-21 09:54:04,065 - DEBUG - [DEBUG] Vérification unités ennemies: opponent=None, units=None
2025-08-21 09:54:04,065 - DEBUG - [DEBUG] Vérification unités joueur: player=None, units=None
2025-08-21 09:54:04,118 - DEBUG - [DEBUG] Vérification unités ennemies: opponent=None, units=None
2025-08-21 09:54:04,118 - DEBUG - [DEBUG] Vérification unités joueur: player=None, units=None
2025-08-21 09:54:04,172 - DEBUG - [DEBUG] Vérification unités ennemies: opponent=None, units=None
2025-08-21 09:54:04,173 - DEBUG - [DEBUG] Vérification unités joueur: player=None, units=None
2025-08-21 09:54:04,219 - DEBUG - [DEBUG] Vérification unités ennemies: opponent=None, units=None
2025-08-21 09:54:04,219 - DEBUG - [DEBUG] Vérification unités joueur: player=None, units=None
2025-08-21 09:54:04,266 - DEBUG - [DEBUG] Vérification unités ennemies: opponent=None, units=None
2025-08-21 09:54:04,267 - DEBUG - [DEBUG] Vérification unités joueur: player=None, units=None
2025-08-21 09:54:04,312 - DEBUG - [DEBUG] Vérification unités ennemies: opponent=None, units=None
2025-08-21 09:54:04,312 - DEBUG - [DEBUG] Vérification unités joueur: player=None, units=None
2025-08-21 09:54:04,360 - DEBUG - [DEBUG] Vérification unités ennemies: opponent=None, units=None
2025-08-21 09:54:04,360 - DEBUG - [DEBUG] Vérification unités joueur: player=None, units=None
2025-08-21 09:54:04,406 - DEBUG - [DEBUG] Vérification unités ennemies: opponent=None, units=None
2025-08-21 09:54:04,407 - DEBUG - [DEBUG] Vérification unités joueur: player=None, units=None
2025-08-21 09:54:04,453 - DEBUG - [DEBUG] Vérification unités ennemies: opponent=None, units=None
2025-08-21 09:54:04,454 - DEBUG - [DEBUG] Vérification unités joueur: player=None, units=None
2025-08-21 09:54:04,500 - DEBUG - [DEBUG] Vérification unités ennemies: opponent=None, units=None
2025-08-21 09:54:04,501 - DEBUG - [DEBUG] Vérification unités joueur: player=None, units=None
2025-08-21 09:54:04,548 - DEBUG - [DEBUG] Vérification unités ennemies: opponent=None, units=None
2025-08-21 09:54:04,548 - DEBUG - [DEBUG] Vérification unités joueur: player=None, units=None
2025-08-21 09:54:04,562 - DEBUG - http://localhost:5000 "GET /api/matchmaking/status HTTP/1.1" 200 740
2025-08-21 09:54:04,600 - DEBUG - [DEBUG] Vérification unités ennemies: opponent=None, units=None
2025-08-21 09:54:04,600 - DEBUG - [DEBUG] Vérification unités joueur: player=None, units=None
2025-08-21 09:54:04,647 - DEBUG - [DEBUG] Vérification unités ennemies: opponent=None, units=None
2025-08-21 09:54:04,647 - DEBUG - [DEBUG] Vérification unités joueur: player=None, units=None
2025-08-21 09:54:04,695 - DEBUG - [DEBUG] Vérification unités ennemies: opponent=None, units=None
2025-08-21 09:54:04,695 - DEBUG - [DEBUG] Vérification unités joueur: player=None, units=None
2025-08-21 09:54:04,741 - DEBUG - [DEBUG] Vérification unités ennemies: opponent=None, units=None
2025-08-21 09:54:04,741 - DEBUG - [DEBUG] Vérification unités joueur: player=None, units=None
2025-08-21 09:54:04,791 - DEBUG - [DEBUG] Vérification unités ennemies: opponent=None, units=None
2025-08-21 09:54:04,792 - DEBUG - [DEBUG] Vérification unités joueur: player=None, units=None
2025-08-21 09:54:04,838 - DEBUG - [DEBUG] Vérification unités ennemies: opponent=None, units=None
2025-08-21 09:54:04,838 - DEBUG - [DEBUG] Vérification unités joueur: player=None, units=None
2025-08-21 09:54:04,884 - DEBUG - [DEBUG] Vérification unités ennemies: opponent=None, units=None
2025-08-21 09:54:04,884 - DEBUG - [DEBUG] Vérification unités joueur: player=None, units=None
2025-08-21 09:54:04,932 - DEBUG - [DEBUG] Vérification unités ennemies: opponent=None, units=None
2025-08-21 09:54:04,932 - DEBUG - [DEBUG] Vérification unités joueur: player=None, units=None
2025-08-21 09:54:04,992 - DEBUG - [DEBUG] Vérification unités ennemies: opponent=None, units=None
2025-08-21 09:54:04,993 - DEBUG - [DEBUG] Vérification unités joueur: player=None, units=None
2025-08-21 09:54:05,040 - DEBUG - [DEBUG] Vérification unités ennemies: opponent=None, units=None
2025-08-21 09:54:05,040 - DEBUG - [DEBUG] Vérification unités joueur: player=None, units=None
2025-08-21 09:54:05,089 - DEBUG - [DEBUG] Vérification unités ennemies: opponent=None, units=None
2025-08-21 09:54:05,089 - DEBUG - [DEBUG] Vérification unités joueur: player=None, units=None
2025-08-21 09:54:05,135 - DEBUG - [DEBUG] Vérification unités ennemies: opponent=None, units=None
2025-08-21 09:54:05,135 - DEBUG - [DEBUG] Vérification unités joueur: player=None, units=None
2025-08-21 09:54:05,181 - DEBUG - [DEBUG] Vérification unités ennemies: opponent=None, units=None
2025-08-21 09:54:05,181 - DEBUG - [DEBUG] Vérification unités joueur: player=None, units=None
2025-08-21 09:54:05,242 - DEBUG - [DEBUG] Vérification unités ennemies: opponent=None, units=None
2025-08-21 09:54:05,242 - DEBUG - [DEBUG] Vérification unités joueur: player=None, units=None
2025-08-21 09:54:05,289 - DEBUG - [DEBUG] Vérification unités ennemies: opponent=None, units=None
2025-08-21 09:54:05,289 - DEBUG - [DEBUG] Vérification unités joueur: player=None, units=None
2025-08-21 09:54:05,335 - DEBUG - [DEBUG] Vérification unités ennemies: opponent=None, units=None
2025-08-21 09:54:05,335 - DEBUG - [DEBUG] Vérification unités joueur: player=None, units=None
2025-08-21 09:54:05,381 - DEBUG - [DEBUG] Vérification unités ennemies: opponent=None, units=None
2025-08-21 09:54:05,381 - DEBUG - [DEBUG] Vérification unités joueur: player=None, units=None
2025-08-21 09:54:05,427 - DEBUG - [DEBUG] Vérification unités ennemies: opponent=None, units=None
2025-08-21 09:54:05,427 - DEBUG - [DEBUG] Vérification unités joueur: player=None, units=None
2025-08-21 09:54:05,474 - DEBUG - [DEBUG] Vérification unités ennemies: opponent=None, units=None
2025-08-21 09:54:05,474 - DEBUG - [DEBUG] Vérification unités joueur: player=None, units=None
2025-08-21 09:54:05,522 - DEBUG - [DEBUG] Vérification unités ennemies: opponent=None, units=None
2025-08-21 09:54:05,522 - DEBUG - [DEBUG] Vérification unités joueur: player=None, units=None
2025-08-21 09:54:05,565 - DEBUG - Starting new HTTP connection (1): localhost:5000
2025-08-21 09:54:05,568 - DEBUG - [DEBUG] Vérification unités ennemies: opponent=None, units=None
2025-08-21 09:54:05,568 - DEBUG - [DEBUG] Vérification unités joueur: player=None, units=None
2025-08-21 09:54:05,614 - DEBUG - [DEBUG] Vérification unités ennemies: opponent=None, units=None
2025-08-21 09:54:05,615 - DEBUG - [DEBUG] Vérification unités joueur: player=None, units=None
2025-08-21 09:54:05,661 - DEBUG - [DEBUG] Vérification unités ennemies: opponent=None, units=None
2025-08-21 09:54:05,661 - DEBUG - [DEBUG] Vérification unités joueur: player=None, units=None
2025-08-21 09:54:05,707 - DEBUG - [DEBUG] Vérification unités ennemies: opponent=None, units=None
2025-08-21 09:54:05,708 - DEBUG - [DEBUG] Vérification unités joueur: player=None, units=None
2025-08-21 09:54:05,758 - DEBUG - [DEBUG] Vérification unités ennemies: opponent=None, units=None
2025-08-21 09:54:05,759 - DEBUG - [DEBUG] Vérification unités joueur: player=None, units=None
2025-08-21 09:54:05,806 - DEBUG - [DEBUG] Vérification unités ennemies: opponent=None, units=None
2025-08-21 09:54:05,806 - DEBUG - [DEBUG] Vérification unités joueur: player=None, units=None
2025-08-21 09:54:05,852 - DEBUG - [DEBUG] Vérification unités ennemies: opponent=None, units=None
2025-08-21 09:54:05,852 - DEBUG - [DEBUG] Vérification unités joueur: player=None, units=None
2025-08-21 09:54:05,900 - DEBUG - [DEBUG] Vérification unités ennemies: opponent=None, units=None
2025-08-21 09:54:05,900 - DEBUG - [DEBUG] Vérification unités joueur: player=None, units=None
2025-08-21 09:54:05,947 - DEBUG - [DEBUG] Vérification unités ennemies: opponent=None, units=None
2025-08-21 09:54:05,947 - DEBUG - [DEBUG] Vérification unités joueur: player=None, units=None
2025-08-21 09:54:05,994 - DEBUG - [DEBUG] Vérification unités ennemies: opponent=None, units=None
2025-08-21 09:54:05,994 - DEBUG - [DEBUG] Vérification unités joueur: player=None, units=None
2025-08-21 09:54:06,046 - DEBUG - [DEBUG] Vérification unités ennemies: opponent=None, units=None
2025-08-21 09:54:06,046 - DEBUG - [DEBUG] Vérification unités joueur: player=None, units=None
2025-08-21 09:54:06,093 - DEBUG - [DEBUG UPDATE] update() appelé 240 fois
2025-08-21 09:54:06,093 - DEBUG - [DEBUG] Vérification unités ennemies: opponent=None, units=None
2025-08-21 09:54:06,093 - DEBUG - [DEBUG] Vérification unités joueur: player=None, units=None
2025-08-21 09:54:06,138 - DEBUG - [DEBUG] Vérification unités ennemies: opponent=None, units=None
2025-08-21 09:54:06,139 - DEBUG - [DEBUG] Vérification unités joueur: player=None, units=None
2025-08-21 09:54:06,184 - DEBUG - [DEBUG] Vérification unités ennemies: opponent=None, units=None
2025-08-21 09:54:06,185 - DEBUG - [DEBUG] Vérification unités joueur: player=None, units=None
2025-08-21 09:54:06,231 - DEBUG - [DEBUG] Vérification unités ennemies: opponent=None, units=None
2025-08-21 09:54:06,231 - DEBUG - [DEBUG] Vérification unités joueur: player=None, units=None
2025-08-21 09:54:06,277 - DEBUG - [DEBUG] Vérification unités ennemies: opponent=None, units=None
2025-08-21 09:54:06,277 - DEBUG - [DEBUG] Vérification unités joueur: player=None, units=None
2025-08-21 09:54:06,324 - DEBUG - [DEBUG] Vérification unités ennemies: opponent=None, units=None
2025-08-21 09:54:06,324 - DEBUG - [DEBUG] Vérification unités joueur: player=None, units=None
2025-08-21 09:54:06,371 - DEBUG - [DEBUG] Vérification unités ennemies: opponent=None, units=None
2025-08-21 09:54:06,371 - DEBUG - [DEBUG] Vérification unités joueur: player=None, units=None
2025-08-21 09:54:06,417 - DEBUG - [DEBUG] Vérification unités ennemies: opponent=None, units=None
2025-08-21 09:54:06,417 - DEBUG - [DEBUG] Vérification unités joueur: player=None, units=None
2025-08-21 09:54:06,464 - DEBUG - [DEBUG] Vérification unités ennemies: opponent=None, units=None
2025-08-21 09:54:06,465 - DEBUG - [DEBUG] Vérification unités joueur: player=None, units=None
2025-08-21 09:54:06,512 - DEBUG - [DEBUG] Vérification unités ennemies: opponent=None, units=None
2025-08-21 09:54:06,512 - DEBUG - [DEBUG] Vérification unités joueur: player=None, units=None
2025-08-21 09:54:06,561 - DEBUG - [DEBUG] Vérification unités ennemies: opponent=None, units=None
2025-08-21 09:54:06,561 - DEBUG - [DEBUG] Vérification unités joueur: player=None, units=None
2025-08-21 09:54:06,607 - DEBUG - [DEBUG] Vérification unités ennemies: opponent=None, units=None
2025-08-21 09:54:06,607 - DEBUG - [DEBUG] Vérification unités joueur: player=None, units=None
2025-08-21 09:54:06,653 - DEBUG - [DEBUG] Vérification unités ennemies: opponent=None, units=None
2025-08-21 09:54:06,654 - DEBUG - [DEBUG] Vérification unités joueur: player=None, units=None
2025-08-21 09:54:06,700 - DEBUG - [DEBUG] Vérification unités ennemies: opponent=None, units=None
2025-08-21 09:54:06,701 - DEBUG - [DEBUG] Vérification unités joueur: player=None, units=None
2025-08-21 09:54:06,747 - DEBUG - [DEBUG] Vérification unités ennemies: opponent=None, units=None
2025-08-21 09:54:06,747 - DEBUG - [DEBUG] Vérification unités joueur: player=None, units=None
2025-08-21 09:54:06,795 - DEBUG - [DEBUG] Vérification unités ennemies: opponent=None, units=None
2025-08-21 09:54:06,795 - DEBUG - [DEBUG] Vérification unités joueur: player=None, units=None
2025-08-21 09:54:06,846 - DEBUG - [DEBUG] Vérification unités ennemies: opponent=None, units=None
2025-08-21 09:54:06,846 - DEBUG - [DEBUG] Vérification unités joueur: player=None, units=None
2025-08-21 09:54:06,892 - DEBUG - [DEBUG] Vérification unités ennemies: opponent=None, units=None
2025-08-21 09:54:06,892 - DEBUG - [DEBUG] Vérification unités joueur: player=None, units=None
2025-08-21 09:54:06,939 - DEBUG - [DEBUG] Vérification unités ennemies: opponent=None, units=None
2025-08-21 09:54:06,939 - DEBUG - [DEBUG] Vérification unités joueur: player=None, units=None
2025-08-21 09:54:06,985 - DEBUG - [DEBUG] Vérification unités ennemies: opponent=None, units=None
2025-08-21 09:54:06,985 - DEBUG - [DEBUG] Vérification unités joueur: player=None, units=None
2025-08-21 09:54:07,032 - DEBUG - [DEBUG] Vérification unités ennemies: opponent=None, units=None
2025-08-21 09:54:07,032 - DEBUG - [DEBUG] Vérification unités joueur: player=None, units=None
2025-08-21 09:54:07,080 - DEBUG - [DEBUG] Vérification unités ennemies: opponent=None, units=None
2025-08-21 09:54:07,081 - DEBUG - [DEBUG] Vérification unités joueur: player=None, units=None
2025-08-21 09:54:07,126 - DEBUG - [DEBUG] Vérification unités ennemies: opponent=None, units=None
2025-08-21 09:54:07,127 - DEBUG - [DEBUG] Vérification unités joueur: player=None, units=None
2025-08-21 09:54:07,172 - DEBUG - [DEBUG] Vérification unités ennemies: opponent=None, units=None
2025-08-21 09:54:07,172 - DEBUG - [DEBUG] Vérification unités joueur: player=None, units=None
2025-08-21 09:54:07,218 - DEBUG - [DEBUG] Vérification unités ennemies: opponent=None, units=None
2025-08-21 09:54:07,218 - DEBUG - [DEBUG] Vérification unités joueur: player=None, units=None
2025-08-21 09:54:07,264 - DEBUG - [DEBUG] Vérification unités ennemies: opponent=None, units=None
2025-08-21 09:54:07,264 - DEBUG - [DEBUG] Vérification unités joueur: player=None, units=None
2025-08-21 09:54:07,310 - DEBUG - [DEBUG] Vérification unités ennemies: opponent=None, units=None
2025-08-21 09:54:07,310 - DEBUG - [DEBUG] Vérification unités joueur: player=None, units=None
2025-08-21 09:54:07,359 - DEBUG - [DEBUG] Vérification unités ennemies: opponent=None, units=None
2025-08-21 09:54:07,359 - DEBUG - [DEBUG] Vérification unités joueur: player=None, units=None
2025-08-21 09:54:07,404 - DEBUG - [DEBUG] Vérification unités ennemies: opponent=None, units=None
2025-08-21 09:54:07,404 - DEBUG - [DEBUG] Vérification unités joueur: player=None, units=None
2025-08-21 09:54:07,450 - DEBUG - [DEBUG] Vérification unités ennemies: opponent=None, units=None
2025-08-21 09:54:07,450 - DEBUG - [DEBUG] Vérification unités joueur: player=None, units=None
2025-08-21 09:54:07,497 - DEBUG - [DEBUG] Vérification unités ennemies: opponent=None, units=None
2025-08-21 09:54:07,497 - DEBUG - [DEBUG] Vérification unités joueur: player=None, units=None
2025-08-21 09:54:07,543 - DEBUG - [DEBUG] Vérification unités ennemies: opponent=None, units=None
2025-08-21 09:54:07,543 - DEBUG - [DEBUG] Vérification unités joueur: player=None, units=None
2025-08-21 09:54:07,593 - DEBUG - [DEBUG] Vérification unités ennemies: opponent=None, units=None
2025-08-21 09:54:07,593 - DEBUG - [DEBUG] Vérification unités joueur: player=None, units=None
2025-08-21 09:54:07,595 - DEBUG - http://localhost:5000 "GET /api/matchmaking/status HTTP/1.1" 200 739
2025-08-21 09:54:07,640 - DEBUG - [DEBUG] Vérification unités ennemies: opponent=None, units=None
2025-08-21 09:54:07,641 - DEBUG - [DEBUG] Vérification unités joueur: player=None, units=None
2025-08-21 09:54:07,686 - DEBUG - [DEBUG] Vérification unités ennemies: opponent=None, units=None
2025-08-21 09:54:07,686 - DEBUG - [DEBUG] Vérification unités joueur: player=None, units=None
2025-08-21 09:54:07,734 - DEBUG - [DEBUG] Vérification unités ennemies: opponent=None, units=None
2025-08-21 09:54:07,734 - DEBUG - [DEBUG] Vérification unités joueur: player=None, units=None
2025-08-21 09:54:07,782 - DEBUG - [DEBUG] Vérification unités ennemies: opponent=None, units=None
2025-08-21 09:54:07,782 - DEBUG - [DEBUG] Vérification unités joueur: player=None, units=None
2025-08-21 09:54:07,834 - DEBUG - [DEBUG] Vérification unités ennemies: opponent=None, units=None
2025-08-21 09:54:07,834 - DEBUG - [DEBUG] Vérification unités joueur: player=None, units=None
2025-08-21 09:54:07,890 - DEBUG - [DEBUG] Vérification unités ennemies: opponent=None, units=None
2025-08-21 09:54:07,890 - DEBUG - [DEBUG] Vérification unités joueur: player=None, units=None
2025-08-21 09:54:07,937 - DEBUG - [DEBUG] Vérification unités ennemies: opponent=None, units=None
2025-08-21 09:54:07,937 - DEBUG - [DEBUG] Vérification unités joueur: player=None, units=None
2025-08-21 09:54:07,983 - DEBUG - [DEBUG] Vérification unités ennemies: opponent=None, units=None
2025-08-21 09:54:07,983 - DEBUG - [DEBUG] Vérification unités joueur: player=None, units=None
2025-08-21 09:54:08,029 - DEBUG - [DEBUG] Vérification unités ennemies: opponent=None, units=None
2025-08-21 09:54:08,029 - DEBUG - [DEBUG] Vérification unités joueur: player=None, units=None
2025-08-21 09:54:08,075 - DEBUG - [DEBUG] Vérification unités ennemies: opponent=None, units=None
2025-08-21 09:54:08,075 - DEBUG - [DEBUG] Vérification unités joueur: player=None, units=None
2025-08-21 09:54:08,121 - DEBUG - [DEBUG] Vérification unités ennemies: opponent=None, units=None
2025-08-21 09:54:08,121 - DEBUG - [DEBUG] Vérification unités joueur: player=None, units=None
2025-08-21 09:54:08,169 - DEBUG - [DEBUG] Vérification unités ennemies: opponent=None, units=None
2025-08-21 09:54:08,169 - DEBUG - [DEBUG] Vérification unités joueur: player=None, units=None
2025-08-21 09:54:08,216 - DEBUG - [DEBUG] Vérification unités ennemies: opponent=None, units=None
2025-08-21 09:54:08,217 - DEBUG - [DEBUG] Vérification unités joueur: player=None, units=None
2025-08-21 09:54:08,264 - DEBUG - [DEBUG] Vérification unités ennemies: opponent=None, units=None
2025-08-21 09:54:08,264 - DEBUG - [DEBUG] Vérification unités joueur: player=None, units=None
2025-08-21 09:54:08,311 - DEBUG - [DEBUG] Vérification unités ennemies: opponent=None, units=None
2025-08-21 09:54:08,311 - DEBUG - [DEBUG] Vérification unités joueur: player=None, units=None
