2025-08-20 23:33:17,532 - DEBUG - Starting new HTTP connection (1): localhost:5000
2025-08-20 23:33:19,845 - DEBUG - http://localhost:5000 "POST /api/matchmaking/join HTTP/1.1" 200 194
2025-08-20 23:33:19,847 - DEBUG - Starting new HTTP connection (1): localhost:5000
2025-08-20 23:33:19,848 - DEBUG - Starting new HTTP connection (1): localhost:5000
2025-08-20 23:33:21,876 - DEBUG - http://localhost:5000 "POST /api/matchmaking/poll HTTP/1.1" 200 27
2025-08-20 23:33:21,894 - DEBUG - http://localhost:5000 "GET /api/matchmaking/status HTTP/1.1" 200 139
2025-08-20 23:33:22,897 - DEBUG - Starting new HTTP connection (1): localhost:5000
2025-08-20 23:33:24,879 - DEBUG - Starting new HTTP connection (1): localhost:5000
2025-08-20 23:33:24,933 - DEBUG - http://localhost:5000 "GET /api/matchmaking/status HTTP/1.1" 200 115
2025-08-20 23:33:25,935 - DEBUG - Starting new HTTP connection (1): localhost:5000
2025-08-20 23:33:26,918 - DEBUG - http://localhost:5000 "POST /api/matchmaking/poll HTTP/1.1" 200 551
2025-08-20 23:33:26,923 - DEBUG - Starting new HTTP connection (1): localhost:5000
2025-08-20 23:33:27,977 - DEBUG - http://localhost:5000 "GET /api/matchmaking/status HTTP/1.1" 200 115
2025-08-20 23:33:28,957 - DEBUG - http://localhost:5000 "POST /api/game/initialize HTTP/1.1" 200 42
2025-08-20 23:33:28,978 - DEBUG - Starting new HTTP connection (1): localhost:5000
2025-08-20 23:33:28,982 - DEBUG - [DEBUG] Vérification unités ennemies: opponent=None, units=None
2025-08-20 23:33:28,982 - DEBUG - [DEBUG] Vérification unités joueur: player=None, units=None
2025-08-20 23:33:29,047 - DEBUG - [DEBUG] Vérification unités ennemies: opponent=None, units=None
2025-08-20 23:33:29,047 - DEBUG - [DEBUG] Vérification unités joueur: player=None, units=None
2025-08-20 23:33:29,103 - DEBUG - [DEBUG] Vérification unités ennemies: opponent=None, units=None
2025-08-20 23:33:29,103 - DEBUG - [DEBUG] Vérification unités joueur: player=None, units=None
2025-08-20 23:33:29,157 - DEBUG - [DEBUG] Vérification unités ennemies: opponent=None, units=None
2025-08-20 23:33:29,158 - DEBUG - [DEBUG] Vérification unités joueur: player=None, units=None
2025-08-20 23:33:29,205 - DEBUG - [DEBUG] Vérification unités ennemies: opponent=None, units=None
2025-08-20 23:33:29,205 - DEBUG - [DEBUG] Vérification unités joueur: player=None, units=None
2025-08-20 23:33:29,253 - DEBUG - [DEBUG] Vérification unités ennemies: opponent=None, units=None
2025-08-20 23:33:29,253 - DEBUG - [DEBUG] Vérification unités joueur: player=None, units=None
2025-08-20 23:33:29,299 - DEBUG - [DEBUG] Vérification unités ennemies: opponent=None, units=None
2025-08-20 23:33:29,300 - DEBUG - [DEBUG] Vérification unités joueur: player=None, units=None
2025-08-20 23:33:29,350 - DEBUG - [DEBUG] Vérification unités ennemies: opponent=None, units=None
2025-08-20 23:33:29,350 - DEBUG - [DEBUG] Vérification unités joueur: player=None, units=None
2025-08-20 23:33:29,398 - DEBUG - [DEBUG] Vérification unités ennemies: opponent=None, units=None
2025-08-20 23:33:29,398 - DEBUG - [DEBUG] Vérification unités joueur: player=None, units=None
2025-08-20 23:33:29,448 - DEBUG - [DEBUG] Vérification unités ennemies: opponent=None, units=None
2025-08-20 23:33:29,449 - DEBUG - [DEBUG] Vérification unités joueur: player=None, units=None
2025-08-20 23:33:29,498 - DEBUG - [DEBUG] Vérification unités ennemies: opponent=None, units=None
2025-08-20 23:33:29,498 - DEBUG - [DEBUG] Vérification unités joueur: player=None, units=None
2025-08-20 23:33:29,550 - DEBUG - [DEBUG] Vérification unités ennemies: opponent=None, units=None
2025-08-20 23:33:29,551 - DEBUG - [DEBUG] Vérification unités joueur: player=None, units=None
2025-08-20 23:33:29,603 - DEBUG - [DEBUG] Vérification unités ennemies: opponent=None, units=None
2025-08-20 23:33:29,604 - DEBUG - [DEBUG] Vérification unités joueur: player=None, units=None
2025-08-20 23:33:29,654 - DEBUG - [DEBUG] Vérification unités ennemies: opponent=None, units=None
2025-08-20 23:33:29,654 - DEBUG - [DEBUG] Vérification unités joueur: player=None, units=None
2025-08-20 23:33:29,702 - DEBUG - [DEBUG] Vérification unités ennemies: opponent=None, units=None
2025-08-20 23:33:29,702 - DEBUG - [DEBUG] Vérification unités joueur: player=None, units=None
2025-08-20 23:33:29,752 - DEBUG - [DEBUG] Vérification unités ennemies: opponent=None, units=None
2025-08-20 23:33:29,752 - DEBUG - [DEBUG] Vérification unités joueur: player=None, units=None
2025-08-20 23:33:29,807 - DEBUG - [DEBUG] Vérification unités ennemies: opponent=None, units=None
2025-08-20 23:33:29,808 - DEBUG - [DEBUG] Vérification unités joueur: player=None, units=None
2025-08-20 23:33:29,857 - DEBUG - [DEBUG] Vérification unités ennemies: opponent=None, units=None
2025-08-20 23:33:29,857 - DEBUG - [DEBUG] Vérification unités joueur: player=None, units=None
2025-08-20 23:33:29,906 - DEBUG - [DEBUG] Vérification unités ennemies: opponent=None, units=None
2025-08-20 23:33:29,906 - DEBUG - [DEBUG] Vérification unités joueur: player=None, units=None
2025-08-20 23:33:29,960 - DEBUG - [DEBUG] Vérification unités ennemies: opponent=None, units=None
2025-08-20 23:33:29,960 - DEBUG - [DEBUG] Vérification unités joueur: player=None, units=None
2025-08-20 23:33:30,017 - DEBUG - [DEBUG] Vérification unités ennemies: opponent=None, units=None
2025-08-20 23:33:30,017 - DEBUG - [DEBUG] Vérification unités joueur: player=None, units=None
2025-08-20 23:33:30,078 - DEBUG - [DEBUG] Vérification unités ennemies: opponent=None, units=None
2025-08-20 23:33:30,078 - DEBUG - [DEBUG] Vérification unités joueur: player=None, units=None
2025-08-20 23:33:30,135 - DEBUG - [DEBUG] Vérification unités ennemies: opponent=None, units=None
2025-08-20 23:33:30,136 - DEBUG - [DEBUG] Vérification unités joueur: player=None, units=None
2025-08-20 23:33:30,193 - DEBUG - [DEBUG] Vérification unités ennemies: opponent=None, units=None
2025-08-20 23:33:30,193 - DEBUG - [DEBUG] Vérification unités joueur: player=None, units=None
2025-08-20 23:33:30,252 - DEBUG - [DEBUG] Vérification unités ennemies: opponent=None, units=None
2025-08-20 23:33:30,253 - DEBUG - [DEBUG] Vérification unités joueur: player=None, units=None
2025-08-20 23:33:30,316 - DEBUG - [DEBUG] Vérification unités ennemies: opponent=None, units=None
2025-08-20 23:33:30,316 - DEBUG - [DEBUG] Vérification unités joueur: player=None, units=None
2025-08-20 23:33:30,371 - DEBUG - [DEBUG] Vérification unités ennemies: opponent=None, units=None
2025-08-20 23:33:30,371 - DEBUG - [DEBUG] Vérification unités joueur: player=None, units=None
2025-08-20 23:33:30,430 - DEBUG - [DEBUG] Vérification unités ennemies: opponent=None, units=None
2025-08-20 23:33:30,430 - DEBUG - [DEBUG] Vérification unités joueur: player=None, units=None
2025-08-20 23:33:30,481 - DEBUG - [DEBUG] Vérification unités ennemies: opponent=None, units=None
2025-08-20 23:33:30,481 - DEBUG - [DEBUG] Vérification unités joueur: player=None, units=None
2025-08-20 23:33:30,540 - DEBUG - [DEBUG] Vérification unités ennemies: opponent=None, units=None
2025-08-20 23:33:30,541 - DEBUG - [DEBUG] Vérification unités joueur: player=None, units=None
2025-08-20 23:33:30,596 - DEBUG - [DEBUG] Vérification unités ennemies: opponent=None, units=None
2025-08-20 23:33:30,597 - DEBUG - [DEBUG] Vérification unités joueur: player=None, units=None
2025-08-20 23:33:30,649 - DEBUG - [DEBUG] Vérification unités ennemies: opponent=None, units=None
2025-08-20 23:33:30,649 - DEBUG - [DEBUG] Vérification unités joueur: player=None, units=None
2025-08-20 23:33:30,707 - DEBUG - [DEBUG] Vérification unités ennemies: opponent=None, units=None
2025-08-20 23:33:30,707 - DEBUG - [DEBUG] Vérification unités joueur: player=None, units=None
2025-08-20 23:33:30,780 - DEBUG - [DEBUG] Vérification unités ennemies: opponent=None, units=None
2025-08-20 23:33:30,780 - DEBUG - [DEBUG] Vérification unités joueur: player=None, units=None
2025-08-20 23:33:30,846 - DEBUG - [DEBUG] Vérification unités ennemies: opponent=None, units=None
2025-08-20 23:33:30,846 - DEBUG - [DEBUG] Vérification unités joueur: player=None, units=None
2025-08-20 23:33:30,900 - DEBUG - [DEBUG] Vérification unités ennemies: opponent=None, units=None
2025-08-20 23:33:30,901 - DEBUG - [DEBUG] Vérification unités joueur: player=None, units=None
2025-08-20 23:33:30,955 - DEBUG - [DEBUG] Vérification unités ennemies: opponent=None, units=None
2025-08-20 23:33:30,955 - DEBUG - [DEBUG] Vérification unités joueur: player=None, units=None
2025-08-20 23:33:31,010 - DEBUG - http://localhost:5000 "GET /api/matchmaking/status HTTP/1.1" 200 115
2025-08-20 23:33:31,020 - DEBUG - [DEBUG] Vérification unités ennemies: opponent=None, units=None
2025-08-20 23:33:31,020 - DEBUG - [DEBUG] Vérification unités joueur: player=None, units=None
2025-08-20 23:33:31,075 - DEBUG - [DEBUG] Vérification unités ennemies: opponent=None, units=None
2025-08-20 23:33:31,075 - DEBUG - [DEBUG] Vérification unités joueur: player=None, units=None
2025-08-20 23:33:31,132 - DEBUG - [DEBUG] Vérification unités ennemies: opponent=None, units=None
2025-08-20 23:33:31,132 - DEBUG - [DEBUG] Vérification unités joueur: player=None, units=None
2025-08-20 23:33:31,204 - DEBUG - [DEBUG] Vérification unités ennemies: opponent=None, units=None
2025-08-20 23:33:31,204 - DEBUG - [DEBUG] Vérification unités joueur: player=None, units=None
2025-08-20 23:33:31,279 - DEBUG - [DEBUG] Vérification unités ennemies: opponent=None, units=None
2025-08-20 23:33:31,279 - DEBUG - [DEBUG] Vérification unités joueur: player=None, units=None
2025-08-20 23:33:31,338 - DEBUG - [DEBUG] Vérification unités ennemies: opponent=None, units=None
2025-08-20 23:33:31,338 - DEBUG - [DEBUG] Vérification unités joueur: player=None, units=None
2025-08-20 23:33:31,389 - DEBUG - [DEBUG] Vérification unités ennemies: opponent=None, units=None
2025-08-20 23:33:31,389 - DEBUG - [DEBUG] Vérification unités joueur: player=None, units=None
2025-08-20 23:33:31,450 - DEBUG - [DEBUG] Vérification unités ennemies: opponent=None, units=None
2025-08-20 23:33:31,451 - DEBUG - [DEBUG] Vérification unités joueur: player=None, units=None
2025-08-20 23:33:31,506 - DEBUG - [DEBUG] Vérification unités ennemies: opponent=None, units=None
2025-08-20 23:33:31,506 - DEBUG - [DEBUG] Vérification unités joueur: player=None, units=None
2025-08-20 23:33:31,553 - DEBUG - [DEBUG] Vérification unités ennemies: opponent=None, units=None
2025-08-20 23:33:31,553 - DEBUG - [DEBUG] Vérification unités joueur: player=None, units=None
2025-08-20 23:33:31,608 - DEBUG - [DEBUG] Vérification unités ennemies: opponent=None, units=None
2025-08-20 23:33:31,608 - DEBUG - [DEBUG] Vérification unités joueur: player=None, units=None
2025-08-20 23:33:31,657 - DEBUG - [DEBUG] Vérification unités ennemies: opponent=None, units=None
2025-08-20 23:33:31,657 - DEBUG - [DEBUG] Vérification unités joueur: player=None, units=None
2025-08-20 23:33:31,704 - DEBUG - [DEBUG] Vérification unités ennemies: opponent=None, units=None
2025-08-20 23:33:31,704 - DEBUG - [DEBUG] Vérification unités joueur: player=None, units=None
2025-08-20 23:33:31,752 - DEBUG - [DEBUG] Vérification unités ennemies: opponent=None, units=None
2025-08-20 23:33:31,752 - DEBUG - [DEBUG] Vérification unités joueur: player=None, units=None
2025-08-20 23:33:31,801 - DEBUG - [DEBUG] Vérification unités ennemies: opponent=None, units=None
2025-08-20 23:33:31,801 - DEBUG - [DEBUG] Vérification unités joueur: player=None, units=None
2025-08-20 23:33:31,857 - DEBUG - [DEBUG] Vérification unités ennemies: opponent=None, units=None
2025-08-20 23:33:31,857 - DEBUG - [DEBUG] Vérification unités joueur: player=None, units=None
2025-08-20 23:33:31,914 - DEBUG - [DEBUG] Vérification unités ennemies: opponent=None, units=None
2025-08-20 23:33:31,914 - DEBUG - [DEBUG] Vérification unités joueur: player=None, units=None
2025-08-20 23:33:31,968 - DEBUG - [DEBUG] Vérification unités ennemies: opponent=None, units=None
2025-08-20 23:33:31,968 - DEBUG - [DEBUG] Vérification unités joueur: player=None, units=None
2025-08-20 23:33:32,012 - DEBUG - Starting new HTTP connection (1): localhost:5000
2025-08-20 23:33:32,024 - DEBUG - [DEBUG] Vérification unités ennemies: opponent=None, units=None
2025-08-20 23:33:32,024 - DEBUG - [DEBUG] Vérification unités joueur: player=None, units=None
2025-08-20 23:33:32,076 - DEBUG - [DEBUG] Vérification unités ennemies: opponent=None, units=None
2025-08-20 23:33:32,077 - DEBUG - [DEBUG] Vérification unités joueur: player=None, units=None
2025-08-20 23:33:32,135 - DEBUG - [DEBUG] Vérification unités ennemies: opponent=None, units=None
2025-08-20 23:33:32,136 - DEBUG - [DEBUG] Vérification unités joueur: player=None, units=None
2025-08-20 23:33:32,191 - DEBUG - [DEBUG] Vérification unités ennemies: opponent=None, units=None
2025-08-20 23:33:32,191 - DEBUG - [DEBUG] Vérification unités joueur: player=None, units=None
2025-08-20 23:33:32,248 - DEBUG - [DEBUG UPDATE] update() appelé 60 fois
2025-08-20 23:33:32,248 - DEBUG - [DEBUG] Vérification unités ennemies: opponent=None, units=None
2025-08-20 23:33:32,249 - DEBUG - [DEBUG] Vérification unités joueur: player=None, units=None
2025-08-20 23:33:32,295 - DEBUG - [DEBUG] Vérification unités ennemies: opponent=None, units=None
2025-08-20 23:33:32,295 - DEBUG - [DEBUG] Vérification unités joueur: player=None, units=None
2025-08-20 23:33:32,342 - DEBUG - [DEBUG] Vérification unités ennemies: opponent=None, units=None
2025-08-20 23:33:32,342 - DEBUG - [DEBUG] Vérification unités joueur: player=None, units=None
2025-08-20 23:33:32,392 - DEBUG - [DEBUG] Vérification unités ennemies: opponent=None, units=None
2025-08-20 23:33:32,393 - DEBUG - [DEBUG] Vérification unités joueur: player=None, units=None
2025-08-20 23:33:32,445 - DEBUG - [DEBUG] Vérification unités ennemies: opponent=None, units=None
2025-08-20 23:33:32,446 - DEBUG - [DEBUG] Vérification unités joueur: player=None, units=None
2025-08-20 23:33:32,510 - DEBUG - [DEBUG] Vérification unités ennemies: opponent=None, units=None
2025-08-20 23:33:32,510 - DEBUG - [DEBUG] Vérification unités joueur: player=None, units=None
2025-08-20 23:33:32,562 - DEBUG - [DEBUG] Vérification unités ennemies: opponent=None, units=None
2025-08-20 23:33:32,562 - DEBUG - [DEBUG] Vérification unités joueur: player=None, units=None
2025-08-20 23:33:32,614 - DEBUG - [DEBUG] Vérification unités ennemies: opponent=None, units=None
2025-08-20 23:33:32,614 - DEBUG - [DEBUG] Vérification unités joueur: player=None, units=None
2025-08-20 23:33:32,663 - DEBUG - [DEBUG] Vérification unités ennemies: opponent=None, units=None
2025-08-20 23:33:32,663 - DEBUG - [DEBUG] Vérification unités joueur: player=None, units=None
2025-08-20 23:33:32,713 - DEBUG - [DEBUG] Vérification unités ennemies: opponent=None, units=None
2025-08-20 23:33:32,713 - DEBUG - [DEBUG] Vérification unités joueur: player=None, units=None
2025-08-20 23:33:32,762 - DEBUG - [DEBUG] Vérification unités ennemies: opponent=None, units=None
2025-08-20 23:33:32,762 - DEBUG - [DEBUG] Vérification unités joueur: player=None, units=None
2025-08-20 23:33:32,811 - DEBUG - [DEBUG] Vérification unités ennemies: opponent=None, units=None
2025-08-20 23:33:32,811 - DEBUG - [DEBUG] Vérification unités joueur: player=None, units=None
2025-08-20 23:33:32,874 - DEBUG - [DEBUG] Vérification unités ennemies: opponent=None, units=None
2025-08-20 23:33:32,874 - DEBUG - [DEBUG] Vérification unités joueur: player=None, units=None
2025-08-20 23:33:32,921 - DEBUG - [DEBUG] Vérification unités ennemies: opponent=None, units=None
2025-08-20 23:33:32,921 - DEBUG - [DEBUG] Vérification unités joueur: player=None, units=None
2025-08-20 23:33:32,967 - DEBUG - [DEBUG] Vérification unités ennemies: opponent=None, units=None
2025-08-20 23:33:32,968 - DEBUG - [DEBUG] Vérification unités joueur: player=None, units=None
2025-08-20 23:33:33,032 - DEBUG - [DEBUG] Vérification unités ennemies: opponent=None, units=None
2025-08-20 23:33:33,032 - DEBUG - [DEBUG] Vérification unités joueur: player=None, units=None
2025-08-20 23:33:33,084 - DEBUG - [DEBUG] Vérification unités ennemies: opponent=None, units=None
2025-08-20 23:33:33,085 - DEBUG - [DEBUG] Vérification unités joueur: player=None, units=None
2025-08-20 23:33:33,134 - DEBUG - [DEBUG] Vérification unités ennemies: opponent=None, units=None
2025-08-20 23:33:33,135 - DEBUG - [DEBUG] Vérification unités joueur: player=None, units=None
2025-08-20 23:33:33,181 - DEBUG - [DEBUG] Vérification unités ennemies: opponent=None, units=None
2025-08-20 23:33:33,181 - DEBUG - [DEBUG] Vérification unités joueur: player=None, units=None
2025-08-20 23:33:33,232 - DEBUG - [DEBUG] Vérification unités ennemies: opponent=None, units=None
2025-08-20 23:33:33,232 - DEBUG - [DEBUG] Vérification unités joueur: player=None, units=None
2025-08-20 23:33:33,291 - DEBUG - [DEBUG] Vérification unités ennemies: opponent=None, units=None
2025-08-20 23:33:33,291 - DEBUG - [DEBUG] Vérification unités joueur: player=None, units=None
2025-08-20 23:33:33,337 - DEBUG - [DEBUG] Vérification unités ennemies: opponent=None, units=None
2025-08-20 23:33:33,338 - DEBUG - [DEBUG] Vérification unités joueur: player=None, units=None
2025-08-20 23:33:33,393 - DEBUG - [DEBUG] Vérification unités ennemies: opponent=None, units=None
2025-08-20 23:33:33,393 - DEBUG - [DEBUG] Vérification unités joueur: player=None, units=None
2025-08-20 23:33:33,446 - DEBUG - [DEBUG] Vérification unités ennemies: opponent=None, units=None
2025-08-20 23:33:33,446 - DEBUG - [DEBUG] Vérification unités joueur: player=None, units=None
2025-08-20 23:33:33,496 - DEBUG - [DEBUG] Vérification unités ennemies: opponent=None, units=None
2025-08-20 23:33:33,497 - DEBUG - [DEBUG] Vérification unités joueur: player=None, units=None
2025-08-20 23:33:33,558 - DEBUG - [DEBUG] Vérification unités ennemies: opponent=None, units=None
2025-08-20 23:33:33,558 - DEBUG - [DEBUG] Vérification unités joueur: player=None, units=None
2025-08-20 23:33:33,606 - DEBUG - [DEBUG] Vérification unités ennemies: opponent=None, units=None
2025-08-20 23:33:33,606 - DEBUG - [DEBUG] Vérification unités joueur: player=None, units=None
2025-08-20 23:33:33,660 - DEBUG - [DEBUG] Vérification unités ennemies: opponent=None, units=None
2025-08-20 23:33:33,660 - DEBUG - [DEBUG] Vérification unités joueur: player=None, units=None
2025-08-20 23:33:33,713 - DEBUG - [DEBUG] Vérification unités ennemies: opponent=None, units=None
2025-08-20 23:33:33,713 - DEBUG - [DEBUG] Vérification unités joueur: player=None, units=None
2025-08-20 23:33:33,769 - DEBUG - [DEBUG] Vérification unités ennemies: opponent=None, units=None
2025-08-20 23:33:33,769 - DEBUG - [DEBUG] Vérification unités joueur: player=None, units=None
2025-08-20 23:33:33,818 - DEBUG - [DEBUG] Vérification unités ennemies: opponent=None, units=None
2025-08-20 23:33:33,818 - DEBUG - [DEBUG] Vérification unités joueur: player=None, units=None
2025-08-20 23:33:33,876 - DEBUG - [DEBUG] Vérification unités ennemies: opponent=None, units=None
2025-08-20 23:33:33,876 - DEBUG - [DEBUG] Vérification unités joueur: player=None, units=None
2025-08-20 23:33:33,931 - DEBUG - [DEBUG] Vérification unités ennemies: opponent=None, units=None
2025-08-20 23:33:33,931 - DEBUG - [DEBUG] Vérification unités joueur: player=None, units=None
2025-08-20 23:33:33,979 - DEBUG - [DEBUG] Vérification unités ennemies: opponent=None, units=None
2025-08-20 23:33:33,979 - DEBUG - [DEBUG] Vérification unités joueur: player=None, units=None
2025-08-20 23:33:34,027 - DEBUG - [DEBUG] Vérification unités ennemies: opponent=None, units=None
2025-08-20 23:33:34,027 - DEBUG - [DEBUG] Vérification unités joueur: player=None, units=None
2025-08-20 23:33:34,034 - DEBUG - http://localhost:5000 "GET /api/matchmaking/status HTTP/1.1" 200 114
2025-08-20 23:33:34,093 - DEBUG - [DEBUG] Vérification unités ennemies: opponent=None, units=None
2025-08-20 23:33:34,093 - DEBUG - [DEBUG] Vérification unités joueur: player=None, units=None
2025-08-20 23:33:34,153 - DEBUG - [DEBUG] Vérification unités ennemies: opponent=None, units=None
2025-08-20 23:33:34,153 - DEBUG - [DEBUG] Vérification unités joueur: player=None, units=None
2025-08-20 23:33:34,210 - DEBUG - [DEBUG] Vérification unités ennemies: opponent=None, units=None
2025-08-20 23:33:34,210 - DEBUG - [DEBUG] Vérification unités joueur: player=None, units=None
2025-08-20 23:33:34,269 - DEBUG - [DEBUG] Vérification unités ennemies: opponent=None, units=None
2025-08-20 23:33:34,269 - DEBUG - [DEBUG] Vérification unités joueur: player=None, units=None
2025-08-20 23:33:34,324 - DEBUG - [DEBUG] Vérification unités ennemies: opponent=None, units=None
2025-08-20 23:33:34,325 - DEBUG - [DEBUG] Vérification unités joueur: player=None, units=None
2025-08-20 23:33:34,386 - DEBUG - [DEBUG] Vérification unités ennemies: opponent=None, units=None
2025-08-20 23:33:34,386 - DEBUG - [DEBUG] Vérification unités joueur: player=None, units=None
2025-08-20 23:33:34,442 - DEBUG - [DEBUG] Vérification unités ennemies: opponent=None, units=None
2025-08-20 23:33:34,442 - DEBUG - [DEBUG] Vérification unités joueur: player=None, units=None
2025-08-20 23:33:34,494 - DEBUG - [DEBUG] Vérification unités ennemies: opponent=None, units=None
2025-08-20 23:33:34,494 - DEBUG - [DEBUG] Vérification unités joueur: player=None, units=None
2025-08-20 23:33:34,546 - DEBUG - [DEBUG] Vérification unités ennemies: opponent=None, units=None
2025-08-20 23:33:34,546 - DEBUG - [DEBUG] Vérification unités joueur: player=None, units=None
2025-08-20 23:33:34,597 - DEBUG - [DEBUG] Vérification unités ennemies: opponent=None, units=None
2025-08-20 23:33:34,597 - DEBUG - [DEBUG] Vérification unités joueur: player=None, units=None
2025-08-20 23:33:34,648 - DEBUG - [DEBUG] Vérification unités ennemies: opponent=None, units=None
2025-08-20 23:33:34,649 - DEBUG - [DEBUG] Vérification unités joueur: player=None, units=None
2025-08-20 23:33:34,706 - DEBUG - [DEBUG] Vérification unités ennemies: opponent=None, units=None
2025-08-20 23:33:34,707 - DEBUG - [DEBUG] Vérification unités joueur: player=None, units=None
2025-08-20 23:33:34,760 - DEBUG - [DEBUG] Vérification unités ennemies: opponent=None, units=None
2025-08-20 23:33:34,761 - DEBUG - [DEBUG] Vérification unités joueur: player=None, units=None
2025-08-20 23:33:34,814 - DEBUG - [DEBUG] Vérification unités ennemies: opponent=None, units=None
2025-08-20 23:33:34,814 - DEBUG - [DEBUG] Vérification unités joueur: player=None, units=None
2025-08-20 23:33:34,866 - DEBUG - [DEBUG] Vérification unités ennemies: opponent=None, units=None
2025-08-20 23:33:34,867 - DEBUG - [DEBUG] Vérification unités joueur: player=None, units=None
2025-08-20 23:33:34,920 - DEBUG - [DEBUG] Vérification unités ennemies: opponent=None, units=None
2025-08-20 23:33:34,920 - DEBUG - [DEBUG] Vérification unités joueur: player=None, units=None
2025-08-20 23:33:34,981 - DEBUG - [DEBUG] Vérification unités ennemies: opponent=None, units=None
2025-08-20 23:33:34,981 - DEBUG - [DEBUG] Vérification unités joueur: player=None, units=None
2025-08-20 23:33:35,037 - DEBUG - Starting new HTTP connection (1): localhost:5000
2025-08-20 23:33:35,041 - DEBUG - [DEBUG] Vérification unités ennemies: opponent=None, units=None
2025-08-20 23:33:35,041 - DEBUG - [DEBUG] Vérification unités joueur: player=None, units=None
2025-08-20 23:33:35,095 - DEBUG - [DEBUG] Vérification unités ennemies: opponent=None, units=None
2025-08-20 23:33:35,095 - DEBUG - [DEBUG] Vérification unités joueur: player=None, units=None
2025-08-20 23:33:35,153 - DEBUG - [DEBUG] Vérification unités ennemies: opponent=None, units=None
2025-08-20 23:33:35,153 - DEBUG - [DEBUG] Vérification unités joueur: player=None, units=None
2025-08-20 23:33:35,204 - DEBUG - [DEBUG] Vérification unités ennemies: opponent=None, units=None
2025-08-20 23:33:35,204 - DEBUG - [DEBUG] Vérification unités joueur: player=None, units=None
2025-08-20 23:33:35,249 - DEBUG - [DEBUG] Vérification unités ennemies: opponent=None, units=None
2025-08-20 23:33:35,250 - DEBUG - [DEBUG] Vérification unités joueur: player=None, units=None
2025-08-20 23:33:35,301 - DEBUG - [DEBUG] Vérification unités ennemies: opponent=None, units=None
2025-08-20 23:33:35,301 - DEBUG - [DEBUG] Vérification unités joueur: player=None, units=None
2025-08-20 23:33:35,355 - DEBUG - [DEBUG] Vérification unités ennemies: opponent=None, units=None
2025-08-20 23:33:35,355 - DEBUG - [DEBUG] Vérification unités joueur: player=None, units=None
2025-08-20 23:33:35,420 - DEBUG - [DEBUG] Vérification unités ennemies: opponent=None, units=None
2025-08-20 23:33:35,420 - DEBUG - [DEBUG] Vérification unités joueur: player=None, units=None
2025-08-20 23:33:35,476 - DEBUG - [DEBUG UPDATE] update() appelé 120 fois
2025-08-20 23:33:35,477 - DEBUG - [DEBUG] Vérification unités ennemies: opponent=None, units=None
2025-08-20 23:33:35,477 - DEBUG - [DEBUG] Vérification unités joueur: player=None, units=None
2025-08-20 23:33:35,540 - DEBUG - [DEBUG] Vérification unités ennemies: opponent=None, units=None
2025-08-20 23:33:35,540 - DEBUG - [DEBUG] Vérification unités joueur: player=None, units=None
2025-08-20 23:33:35,593 - DEBUG - [DEBUG] Vérification unités ennemies: opponent=None, units=None
2025-08-20 23:33:35,594 - DEBUG - [DEBUG] Vérification unités joueur: player=None, units=None
2025-08-20 23:33:35,646 - DEBUG - [DEBUG] Vérification unités ennemies: opponent=None, units=None
2025-08-20 23:33:35,646 - DEBUG - [DEBUG] Vérification unités joueur: player=None, units=None
2025-08-20 23:33:35,704 - DEBUG - [DEBUG] Vérification unités ennemies: opponent=None, units=None
2025-08-20 23:33:35,704 - DEBUG - [DEBUG] Vérification unités joueur: player=None, units=None
2025-08-20 23:33:35,827 - DEBUG - [DEBUG] Vérification unités ennemies: opponent=None, units=None
2025-08-20 23:33:35,856 - DEBUG - [DEBUG] Vérification unités joueur: player=None, units=None
2025-08-20 23:33:35,956 - DEBUG - [DEBUG] Vérification unités ennemies: opponent=None, units=None
2025-08-20 23:33:35,956 - DEBUG - [DEBUG] Vérification unités joueur: player=None, units=None
2025-08-20 23:33:36,022 - DEBUG - [DEBUG] Vérification unités ennemies: opponent=None, units=None
2025-08-20 23:33:36,023 - DEBUG - [DEBUG] Vérification unités joueur: player=None, units=None
2025-08-20 23:33:36,098 - DEBUG - [DEBUG] Vérification unités ennemies: opponent=None, units=None
2025-08-20 23:33:36,099 - DEBUG - [DEBUG] Vérification unités joueur: player=None, units=None
2025-08-20 23:33:36,166 - DEBUG - [DEBUG] Vérification unités ennemies: opponent=None, units=None
2025-08-20 23:33:36,166 - DEBUG - [DEBUG] Vérification unités joueur: player=None, units=None
2025-08-20 23:33:36,247 - DEBUG - [DEBUG] Vérification unités ennemies: opponent=None, units=None
2025-08-20 23:33:36,248 - DEBUG - [DEBUG] Vérification unités joueur: player=None, units=None
2025-08-20 23:33:36,310 - DEBUG - [DEBUG] Vérification unités ennemies: opponent=None, units=None
2025-08-20 23:33:36,314 - DEBUG - [DEBUG] Vérification unités joueur: player=None, units=None
2025-08-20 23:33:36,390 - DEBUG - [DEBUG] Vérification unités ennemies: opponent=None, units=None
2025-08-20 23:33:36,390 - DEBUG - [DEBUG] Vérification unités joueur: player=None, units=None
2025-08-20 23:33:36,441 - DEBUG - [DEBUG] Vérification unités ennemies: opponent=None, units=None
2025-08-20 23:33:36,441 - DEBUG - [DEBUG] Vérification unités joueur: player=None, units=None
2025-08-20 23:33:36,493 - DEBUG - [DEBUG] Vérification unités ennemies: opponent=None, units=None
2025-08-20 23:33:36,493 - DEBUG - [DEBUG] Vérification unités joueur: player=None, units=None
2025-08-20 23:33:36,550 - DEBUG - [DEBUG] Vérification unités ennemies: opponent=None, units=None
2025-08-20 23:33:36,551 - DEBUG - [DEBUG] Vérification unités joueur: player=None, units=None
2025-08-20 23:33:36,604 - DEBUG - [DEBUG] Vérification unités ennemies: opponent=None, units=None
2025-08-20 23:33:36,604 - DEBUG - [DEBUG] Vérification unités joueur: player=None, units=None
2025-08-20 23:33:36,655 - DEBUG - [DEBUG] Vérification unités ennemies: opponent=None, units=None
2025-08-20 23:33:36,655 - DEBUG - [DEBUG] Vérification unités joueur: player=None, units=None
2025-08-20 23:33:36,714 - DEBUG - [DEBUG] Vérification unités ennemies: opponent=None, units=None
2025-08-20 23:33:36,714 - DEBUG - [DEBUG] Vérification unités joueur: player=None, units=None
2025-08-20 23:33:36,762 - DEBUG - [DEBUG] Vérification unités ennemies: opponent=None, units=None
2025-08-20 23:33:36,763 - DEBUG - [DEBUG] Vérification unités joueur: player=None, units=None
2025-08-20 23:33:36,812 - DEBUG - [DEBUG] Vérification unités ennemies: opponent=None, units=None
2025-08-20 23:33:36,812 - DEBUG - [DEBUG] Vérification unités joueur: player=None, units=None
2025-08-20 23:33:36,863 - DEBUG - [DEBUG] Vérification unités ennemies: opponent=None, units=None
2025-08-20 23:33:36,864 - DEBUG - [DEBUG] Vérification unités joueur: player=None, units=None
2025-08-20 23:33:36,912 - DEBUG - [DEBUG] Vérification unités ennemies: opponent=None, units=None
2025-08-20 23:33:36,912 - DEBUG - [DEBUG] Vérification unités joueur: player=None, units=None
2025-08-20 23:33:36,960 - DEBUG - [DEBUG] Vérification unités ennemies: opponent=None, units=None
2025-08-20 23:33:36,960 - DEBUG - [DEBUG] Vérification unités joueur: player=None, units=None
2025-08-20 23:33:37,010 - DEBUG - [DEBUG] Vérification unités ennemies: opponent=None, units=None
2025-08-20 23:33:37,010 - DEBUG - [DEBUG] Vérification unités joueur: player=None, units=None
2025-08-20 23:33:37,060 - DEBUG - [DEBUG] Vérification unités ennemies: opponent=None, units=None
2025-08-20 23:33:37,060 - DEBUG - [DEBUG] Vérification unités joueur: player=None, units=None
2025-08-20 23:33:37,085 - DEBUG - http://localhost:5000 "GET /api/matchmaking/status HTTP/1.1" 200 115
2025-08-20 23:33:37,111 - DEBUG - [DEBUG] Vérification unités ennemies: opponent=None, units=None
2025-08-20 23:33:37,111 - DEBUG - [DEBUG] Vérification unités joueur: player=None, units=None
2025-08-20 23:33:37,161 - DEBUG - [DEBUG] Vérification unités ennemies: opponent=None, units=None
2025-08-20 23:33:37,161 - DEBUG - [DEBUG] Vérification unités joueur: player=None, units=None
2025-08-20 23:33:37,214 - DEBUG - [DEBUG] Vérification unités ennemies: opponent=None, units=None
2025-08-20 23:33:37,214 - DEBUG - [DEBUG] Vérification unités joueur: player=None, units=None
2025-08-20 23:33:37,268 - DEBUG - [DEBUG] Vérification unités ennemies: opponent=None, units=None
2025-08-20 23:33:37,268 - DEBUG - [DEBUG] Vérification unités joueur: player=None, units=None
2025-08-20 23:33:37,322 - DEBUG - [DEBUG] Vérification unités ennemies: opponent=None, units=None
2025-08-20 23:33:37,322 - DEBUG - [DEBUG] Vérification unités joueur: player=None, units=None
2025-08-20 23:33:37,374 - DEBUG - [DEBUG] Vérification unités ennemies: opponent=None, units=None
2025-08-20 23:33:37,374 - DEBUG - [DEBUG] Vérification unités joueur: player=None, units=None
2025-08-20 23:33:37,420 - DEBUG - [DEBUG] Vérification unités ennemies: opponent=None, units=None
2025-08-20 23:33:37,420 - DEBUG - [DEBUG] Vérification unités joueur: player=None, units=None
2025-08-20 23:33:37,466 - DEBUG - [DEBUG] Vérification unités ennemies: opponent=None, units=None
2025-08-20 23:33:37,466 - DEBUG - [DEBUG] Vérification unités joueur: player=None, units=None
